SF:lib/src/services/asset_bundle.dart
DA:66,3
DA:67,6
DA:69,0
DA:70,9
DA:73,9
DA:75,0
DA:78,0
DA:79,0
DA:92,0
DA:94,2
DA:95,4
DA:105,0
DA:107,0
DA:112,0
DA:115,0
DA:116,0
DA:117,0
DA:118,0
DA:119,0
DA:121,0
DA:123,0
DA:124,0
DA:133,0
DA:134,0
DA:135,0
DA:136,0
DA:142,0
DA:143,0
DA:159,3
DA:162,4
DA:163,3
DA:176,4
DA:178,0
DA:179,0
DA:180,8
DA:181,6
DA:184,16
DA:185,4
DA:186,8
DA:191,3
DA:201,3
DA:202,9
DA:203,3
DA:206,1
DA:208,2
DA:209,2
DA:216,1
DA:217,5
DA:219,5
DA:221,0
DA:226,162
DA:227,162
DA:259,486
LF:53
LH:28
end_of_record
SF:lib/src/widgets/framework.dart
DA:45,398
DA:47,2
DA:48,4
DA:59,3
DA:64,2
DA:66,6
DA:69,4
DA:72,1
DA:73,4
DA:75,2
DA:77,4
DA:78,6
DA:79,0
DA:110,568
DA:116,800
DA:118,1200
DA:119,1212
DA:120,1212
DA:122,400
DA:123,400
DA:124,800
DA:125,2
DA:126,6
DA:127,14
DA:128,8
DA:131,400
DA:132,800
DA:135,285
DA:136,285
DA:137,1425
DA:138,2
DA:139,6
DA:140,14
DA:143,285
DA:144,855
DA:145,570
DA:148,286
DA:149,286
DA:150,0
DA:151,785
DA:155,10
DA:156,2
DA:164,6
DA:165,2
DA:166,2
DA:167,4
DA:168,2
DA:169,2
DA:177,2
DA:178,1
DA:179,1
DA:187,572
DA:189,286
DA:192,404
DA:193,404
DA:195,406
DA:196,4
DA:197,0
DA:198,1
DA:199,2
DA:200,2
DA:201,2
DA:202,1
DA:203,3
DA:204,1
DA:205,3
DA:208,808
DA:209,808
DA:211,1
DA:212,2
DA:213,2
DA:214,1
DA:220,4
DA:222,2
DA:223,1
DA:226,404
DA:229,858
DA:235,318
DA:241,6
DA:248,240
DA:249,240
DA:250,240
DA:252,204
DA:253,204
DA:270,568
DA:274,49
DA:276,61
DA:277,98
DA:278,52
DA:279,62
DA:308,800
DA:313,398
DA:315,1194
DA:318,796
DA:321,400
DA:322,800
DA:324,3
DA:326,6
DA:331,3
DA:332,12
DA:334,9
DA:342,0
DA:345,230
DA:385,415
DA:420,246
DA:422,887
DA:425,47
DA:427,47
DA:428,47
DA:442,399
DA:443,1197
DA:444,1197
DA:561,798
DA:566,400
DA:567,400
DA:796,630
DA:801,318
DA:802,318
DA:826,835
DA:829,575
DA:833,575
DA:837,575
DA:841,575
DA:947,624
DA:958,636
DA:970,546
DA:982,378
DA:1015,317
DA:1018,634
DA:1039,215
DA:1054,1
DA:1100,240
DA:1102,0
DA:1103,240
DA:1104,480
DA:1105,2
DA:1106,2
DA:1107,1
DA:1113,1
DA:1120,1
DA:1128,653
DA:1129,2
DA:1130,2
DA:1131,1
DA:1140,240
DA:1141,239
DA:1142,239
DA:1143,239
DA:1144,2
DA:1145,1
DA:1146,1
DA:1150,1
DA:1160,239
DA:1161,478
DA:1186,315
DA:1207,315
DA:1210,630
DA:1211,315
DA:1212,315
DA:1214,315
DA:1333,317
DA:1337,262
DA:1339,262
DA:1340,262
DA:1341,786
DA:1343,262
DA:1344,786
DA:1345,786
DA:1369,618
DA:1435,207
DA:1436,207
DA:1438,209
DA:1439,209
DA:1446,209
DA:1447,209
DA:1448,209
DA:1449,209
DA:1456,1
DA:1457,1
DA:1458,1
DA:1460,1
DA:1461,1
DA:1465,1
DA:1466,1
DA:1467,1
DA:1470,2
DA:1471,3
DA:1472,3
DA:1474,2
DA:1477,3
DA:1479,3
DA:1513,0
DA:1587,301
DA:1588,301
DA:1590,303
DA:1591,303
DA:1615,800
DA:1642,162
DA:1648,398
DA:1657,160
DA:1659,81
DA:1660,81
DA:1669,730
DA:1676,400
DA:1677,400
DA:1689,399
DA:1690,0
DA:1691,399
DA:1692,399
DA:1693,399
DA:1694,1
DA:1695,1
DA:1700,399
DA:1701,399
DA:1710,399
DA:1711,399
DA:1717,575
DA:1718,575
DA:1719,575
DA:1720,575
DA:1721,575
DA:1728,398
DA:1729,796
DA:1730,398
DA:1732,3
DA:1733,3
DA:1736,398
DA:1737,796
DA:1738,796
DA:1739,398
DA:1741,398
DA:1742,796
DA:1745,404
DA:1746,404
DA:1747,1212
DA:1748,808
DA:1750,1212
DA:1752,808
DA:1753,404
DA:1757,398
DA:1758,796
DA:1759,398
DA:1760,796
DA:1761,398
DA:1762,398
DA:1763,398
DA:1765,398
DA:1768,398
DA:1769,398
DA:1770,796
DA:1771,398
DA:1772,398
DA:1773,398
DA:1774,796
DA:1777,68
DA:1778,68
DA:1779,136
DA:1780,68
DA:1781,136
DA:1782,68
DA:1785,0
DA:1787,0
DA:1788,0
DA:1790,0
DA:2154,414
DA:2177,82
DA:2189,399
DA:2190,0
DA:2191,798
DA:2192,399
DA:2194,0
DA:2195,399
DA:2196,0
DA:2197,0
DA:2198,0
DA:2199,0
DA:2202,0
DA:2210,399
DA:2211,399
DA:2212,41
DA:2214,0
DA:2215,41
DA:2216,0
DA:2217,0
DA:2218,0
DA:2225,41
DA:2226,41
DA:2229,798
DA:2230,399
DA:2231,399
DA:2233,798
DA:2234,399
DA:2235,399
DA:2237,0
DA:2239,399
DA:2243,1200
DA:2248,0
DA:2257,404
DA:2258,0
DA:2259,808
DA:2260,404
DA:2261,808
DA:2263,404
DA:2265,404
DA:2267,404
DA:2268,808
DA:2270,404
DA:2272,808
DA:2300,400
DA:2301,800
DA:2303,0
DA:2304,800
DA:2305,400
DA:2306,400
DA:2308,4
DA:2309,800
DA:2310,400
DA:2312,400
DA:2313,400
DA:2315,400
DA:2317,400
DA:2319,400
DA:2320,400
DA:2321,400
DA:2322,400
DA:2324,400
DA:2325,400
DA:2327,400
DA:2329,400
DA:2330,400
DA:2331,800
DA:2332,400
DA:2333,400
DA:2335,400
DA:2338,800
DA:2339,400
DA:2340,800
DA:2342,400
DA:2343,798
DA:2344,1197
DA:2345,2394
DA:2347,1197
DA:2349,0
DA:2350,0
DA:2353,0
DA:2354,0
DA:2355,0
DA:2359,399
DA:2360,1596
DA:2361,340
DA:2362,170
DA:2363,340
DA:2364,850
DA:2372,13
DA:2376,400
DA:2377,1997
DA:2378,0
DA:2379,0
DA:2380,0
DA:2381,0
DA:2385,400
DA:2387,799
DA:2388,399
DA:2389,399
DA:2391,800
DA:2392,400
DA:2393,400
DA:2394,400
DA:2395,400
DA:2396,400
DA:2397,400
DA:2398,800
DA:2400,2
DA:2402,400
DA:2404,800
DA:2409,61
DA:2410,122
DA:2411,61
DA:2412,183
DA:2413,61
DA:2416,400
DA:2417,461
DA:2430,404
DA:2431,404
DA:2433,808
DA:2434,808
DA:2436,404
DA:2438,404
DA:2439,404
DA:2440,122
DA:2441,56
DA:2442,168
DA:2443,112
DA:2444,6
DA:2446,56
DA:2447,2
DA:2448,8
DA:2449,2
DA:2450,0
DA:2452,2
DA:2455,2
DA:2456,4
DA:2457,2
DA:2458,2
DA:2460,0
DA:2463,4
DA:2464,2
DA:2465,8
DA:2466,2
DA:2467,0
DA:2469,2
DA:2472,2
DA:2473,4
DA:2474,2
DA:2475,2
DA:2477,0
DA:2480,2
DA:2481,4
DA:2482,4
DA:2483,4
DA:2484,4
DA:2485,4
DA:2486,4
DA:2487,4
DA:2488,4
DA:2489,4
DA:2490,4
DA:2491,4
DA:2493,4
DA:2494,4
DA:2497,2
DA:2501,2
DA:2508,2
DA:2515,465
DA:2518,404
DA:2520,8
DA:2522,404
DA:2532,3
DA:2533,3
DA:2535,3
DA:2536,6
DA:2537,3
DA:2539,3
DA:2598,401
DA:2599,0
DA:2606,400
DA:2623,399
DA:2624,399
DA:2633,800
DA:2638,802
DA:2641,261
DA:2642,783
DA:2643,232
DA:2644,696
DA:2646,238
DA:2647,51
DA:2648,238
DA:2654,401
DA:2655,401
DA:2659,400
DA:2660,400
DA:2692,3
DA:2695,3
DA:2696,6
DA:2697,3
DA:2701,399
DA:2704,399
DA:2706,265
DA:2716,314
DA:2718,314
DA:2719,0
DA:2720,314
DA:2721,314
DA:2723,314
DA:2725,314
DA:2729,0
DA:2731,0
DA:2732,0
DA:2733,0
DA:2734,0
DA:2738,0
DA:2739,0
DA:2744,0
DA:2745,0
DA:2747,0
DA:2756,1
DA:2757,1
DA:2759,4
DA:2764,2
DA:2766,2
DA:2769,1
DA:2771,1
DA:2774,0
DA:2779,0
DA:2796,82
DA:2818,614
DA:2821,29
DA:2823,29
DA:2824,87
DA:2826,0
DA:2827,0
DA:2828,0
DA:2835,29
DA:2836,29
DA:2869,400
DA:2871,400
DA:2872,800
DA:2873,286
DA:2874,286
DA:2877,400
DA:2880,76
DA:2884,798
DA:2885,448
DA:2886,7
DA:2889,798
DA:2890,586
DA:2891,67
DA:2892,293
DA:2893,584
DA:2894,292
DA:2895,584
DA:2897,292
DA:2900,398
DA:2901,398
DA:2903,400
DA:2915,400
DA:2917,800
DA:2918,400
DA:2919,400
DA:2920,800
DA:2921,400
DA:2922,400
DA:2923,400
DA:2924,400
DA:2925,400
DA:2926,2000
DA:2927,400
DA:2929,800
DA:2930,1200
DA:2931,800
DA:2932,400
DA:2934,400
DA:2935,400
DA:2936,400
DA:2938,400
DA:2948,399
DA:2952,798
DA:2953,399
DA:2955,798
DA:2956,399
DA:2957,399
DA:2958,798
DA:2959,399
DA:2967,68
DA:2969,136
DA:2970,0
DA:2971,136
DA:2972,68
DA:2973,68
DA:2974,68
DA:2975,66
DA:2977,68
DA:2980,68
DA:2981,136
DA:2982,68
DA:2983,68
DA:2984,204
DA:2985,68
DA:2986,68
DA:2989,68
DA:2990,68
DA:2991,136
DA:2992,33
DA:2993,63
DA:2994,30
DA:3007,398
DA:3008,796
DA:3009,398
DA:3011,398
DA:3020,59
DA:3021,59
DA:3022,118
DA:3023,59
DA:3025,59
DA:3028,286
DA:3035,286
DA:3038,138
DA:3040,68
DA:3042,0
DA:3044,68
DA:3045,68
DA:3047,61
DA:3048,61
DA:3049,2
DA:3050,1
DA:3051,1
DA:3052,1
DA:3053,1
DA:3054,2
DA:3055,1
DA:3058,122
DA:3063,61
DA:3064,61
DA:3065,61
DA:3067,68
DA:3068,204
DA:3086,400
DA:3088,0
DA:3089,400
DA:3090,400
DA:3091,286
DA:3093,68
DA:3094,68
DA:3095,68
DA:3097,68
DA:3098,68
DA:3099,68
DA:3100,68
DA:3104,400
DA:3105,400
DA:3106,400
DA:3108,400
DA:3109,400
DA:3110,800
DA:3114,400
DA:3115,400
DA:3116,400
DA:3118,400
DA:3119,400
DA:3120,400
DA:3122,400
DA:3139,398
DA:3141,0
DA:3142,796
DA:3143,398
DA:3144,398
DA:3145,1194
DA:3146,398
DA:3148,3
DA:3149,3
DA:3152,398
DA:3166,68
DA:3167,136
DA:3168,68
DA:3169,68
DA:3171,0
DA:3173,68
DA:3174,204
DA:3175,68
DA:3176,68
DA:3177,136
DA:3180,68
DA:3181,136
DA:3182,68
DA:3183,136
DA:3184,68
DA:3195,68
DA:3197,136
DA:3198,68
DA:3199,68
DA:3200,68
DA:3201,68
DA:3202,246
DA:3203,68
DA:3206,123
DA:3207,68
DA:3208,68
DA:3209,68
DA:3210,68
DA:3212,68
DA:3213,68
DA:3214,80
DA:3216,60
DA:3231,398
DA:3233,796
DA:3234,398
DA:3235,398
DA:3236,398
DA:3237,998
DA:3238,300
DA:3239,900
DA:3247,398
DA:3248,398
DA:3249,398
DA:3250,398
DA:3252,398
DA:3258,398
DA:3260,796
DA:3274,398
DA:3276,796
DA:3277,398
DA:3278,398
DA:3279,398
DA:3280,1194
DA:3281,570
DA:3282,285
DA:3284,398
DA:3285,398
DA:3287,398
DA:3290,217
DA:3291,217
DA:3293,16
DA:3295,16
DA:3296,32
DA:3299,0
DA:3300,0
DA:3301,0
DA:3304,0
DA:3306,0
DA:3309,32
DA:3310,0
DA:3311,0
DA:3312,0
DA:3319,0
DA:3320,0
DA:3327,0
DA:3328,0
DA:3332,16
DA:3333,16
DA:3334,16
DA:3336,0
DA:3337,0
DA:3338,0
DA:3345,0
DA:3348,16
DA:3349,0
DA:3350,0
DA:3351,0
DA:3353,0
DA:3359,0
DA:3360,0
DA:3363,16
DA:3364,0
DA:3365,0
DA:3366,0
DA:3368,0
DA:3372,0
DA:3373,0
DA:3377,16
DA:3378,0
DA:3379,0
DA:3380,0
DA:3387,0
DA:3388,0
DA:3391,16
DA:3392,0
DA:3393,0
DA:3394,0
DA:3401,0
DA:3402,0
DA:3403,0
DA:3410,16
DA:3411,16
DA:3412,16
DA:3420,399
DA:3421,399
DA:3422,798
DA:3423,2
DA:3424,1
DA:3425,1
DA:3429,1
DA:3437,399
DA:3441,301
DA:3443,0
DA:3444,602
DA:3445,602
DA:3446,301
DA:3447,301
DA:3450,399
DA:3452,399
DA:3453,1001
DA:3455,300
DA:3456,300
DA:3458,399
DA:3462,3
DA:3464,3
DA:3465,6
DA:3469,400
DA:3470,400
DA:3471,1200
DA:3474,266
DA:3476,266
DA:3477,265
DA:3478,795
DA:3479,264
DA:3480,242
DA:3483,84
DA:3485,84
DA:3486,83
DA:3488,249
DA:3490,83
DA:3493,80
DA:3496,14
DA:3498,14
DA:3499,14
DA:3502,42
DA:3504,14
DA:3506,14
DA:3509,92
DA:3511,92
DA:3512,91
DA:3514,273
DA:3516,90
DA:3519,91
DA:3522,172
DA:3524,172
DA:3525,171
DA:3526,171
DA:3527,170
DA:3538,184
DA:3540,184
DA:3541,184
DA:3542,184
DA:3545,189
DA:3546,189
DA:3547,378
DA:3548,0
DA:3549,0
DA:3550,0
DA:3553,0
DA:3554,0
DA:3565,189
DA:3572,14
DA:3573,14
DA:3575,28
DA:3576,28
DA:3577,14
DA:3580,3
DA:3581,14
DA:3588,1
DA:3589,1
DA:3590,1
DA:3592,1
DA:3593,1
DA:3599,205
DA:3601,820
DA:3604,24
DA:3606,24
DA:3613,27
DA:3615,27
DA:3616,27
DA:3617,81
DA:3618,81
DA:3619,27
DA:3620,108
DA:3621,54
DA:3623,81
DA:3624,49
DA:3625,11
DA:3626,44
DA:3627,11
DA:3628,22
DA:3632,27
DA:3634,27
DA:3635,38
DA:3637,22
DA:3639,2
DA:3646,800
DA:3661,400
DA:3662,800
DA:3663,400
DA:3674,399
DA:3675,798
DA:3676,399
DA:3678,399
DA:3679,798
DA:3680,399
DA:3681,798
DA:3682,474
DA:3683,474
DA:3684,711
DA:3686,1
DA:3687,1
DA:3688,1
DA:3689,1
DA:3690,2
DA:3698,1
DA:3702,2
DA:3703,4
DA:3704,1
DA:3706,0
DA:3707,798
DA:3708,0
DA:3709,0
DA:3710,0
DA:3711,0
DA:3712,0
DA:3715,0
DA:3719,399
DA:3720,399
DA:3722,399
DA:3723,798
DA:3729,400
DA:3730,800
DA:3731,800
DA:3733,400
DA:3735,0
DA:3738,0
DA:3739,0
DA:3740,0
DA:3742,0
DA:3746,400
DA:3747,800
DA:3748,800
DA:3750,400
DA:3751,800
DA:3752,800
DA:3754,400
DA:3755,400
DA:3756,400
DA:3757,1200
DA:3758,800
DA:3760,400
DA:3761,400
DA:3770,27
DA:3775,27
DA:3783,2
DA:3785,2
DA:3786,2
DA:3787,8
DA:3788,4
DA:3815,23
DA:3816,23
DA:3817,23
DA:3818,46
DA:3844,862
DA:3850,23
DA:3852,23
DA:3859,23
DA:3860,46
DA:3862,0
DA:3864,0
DA:3865,0
DA:3866,0
DA:3868,0
DA:3927,802
DA:3931,400
DA:3933,400
DA:3934,400
DA:3935,400
DA:3936,400
DA:3937,400
DA:3940,400
DA:3941,400
DA:3950,400
DA:3953,0
DA:3955,400
DA:3958,400
DA:3959,800
DA:3961,24
DA:3962,12
DA:3963,24
DA:3966,1
DA:3967,2
DA:3974,400
DA:3975,400
DA:3978,1600
DA:3979,400
DA:3981,14
DA:3982,7
DA:3983,14
DA:3986,0
DA:3987,0
DA:3991,21
DA:3995,0
DA:4004,400
DA:4006,400
DA:4007,798
DA:4010,40
DA:4012,80
DA:4013,40
DA:4020,800
DA:4022,400
DA:4023,400
DA:4025,400
DA:4026,800
DA:4028,244
DA:4030,244
DA:4031,488
DA:4032,244
DA:4033,244
DA:4040,319
DA:4041,319
DA:4042,318
DA:4043,318
DA:4044,636
DA:4045,0
DA:4046,0
DA:4047,0
DA:4048,0
DA:4049,0
DA:4050,0
DA:4055,318
DA:4056,636
DA:4057,636
DA:4058,636
DA:4059,636
DA:4060,954
DA:4063,317
DA:4064,634
DA:4071,636
DA:4074,1
DA:4076,2
DA:4077,1
DA:4080,317
DA:4082,951
DA:4084,317
DA:4085,634
DA:4086,317
DA:4087,317
DA:4088,2
DA:4089,4
DA:4090,1
DA:4091,1
DA:4098,317
DA:4100,317
DA:4102,317
DA:4103,634
DA:4105,317
DA:4106,634
DA:4107,317
DA:4108,634
DA:4110,317
DA:4111,317
DA:4114,215
DA:4116,215
DA:4117,430
DA:4118,430
DA:4122,215
DA:4123,645
DA:4125,215
DA:4126,430
DA:4127,215
DA:4128,215
DA:4129,2
DA:4130,4
DA:4131,1
DA:4132,1
DA:4139,215
DA:4141,215
DA:4143,214
DA:4146,54
DA:4148,54
DA:4152,54
DA:4153,54
DA:4156,315
DA:4158,630
DA:4159,315
DA:4162,315
DA:4164,315
DA:4165,630
DA:4166,315
DA:4167,945
DA:4169,0
DA:4170,0
DA:4171,0
DA:4176,315
DA:4177,630
DA:4178,315
DA:4181,208
DA:4183,0
DA:4184,208
DA:4185,416
DA:4186,624
DA:4187,2
DA:4188,4
DA:4189,1
DA:4196,1
DA:4203,621
DA:4204,0
DA:4205,0
DA:4206,0
DA:4213,0
DA:4220,0
DA:4230,208
DA:4231,207
DA:4234,155
DA:4236,155
DA:4237,310
DA:4240,10
DA:4242,10
DA:4250,10
DA:4252,10
DA:4253,30
DA:4260,626
DA:4262,313
DA:4263,313
DA:4265,313
DA:4266,626
DA:4268,236
DA:4270,236
DA:4271,236
DA:4272,472
DA:4273,236
DA:4274,472
DA:4275,236
DA:4276,236
DA:4277,236
DA:4285,189
DA:4287,189
DA:4302,418
DA:4304,209
DA:4305,209
DA:4307,209
DA:4309,209
DA:4310,209
DA:4313,209
DA:4314,2
DA:4315,209
DA:4316,627
DA:4318,2
DA:4320,148
DA:4322,209
DA:4326,1
DA:4327,1
DA:4329,2
DA:4330,1
DA:4331,2
DA:4336,209
DA:4337,209
DA:4340,127
DA:4341,127
DA:4342,127
DA:4343,127
DA:4345,121
DA:4346,121
DA:4349,127
DA:4384,24
DA:4385,0
DA:4386,24
DA:4387,96
DA:4388,24
DA:4391,123
DA:4393,246
DA:4400,608
DA:4402,304
DA:4403,304
DA:4407,304
DA:4409,304
DA:4410,608
DA:4412,514
DA:4414,608
DA:4415,1216
DA:4418,303
DA:4420,303
DA:4421,606
DA:4423,303
DA:4424,303
DA:4451,1
DA:4453,2
DA:4478,301
DA:4480,602
DA:4505,301
DA:4507,301
DA:4526,175
DA:4528,175
DA:4537,229
DA:4539,458
DA:4540,158
DA:4554,180
DA:4556,180
DA:4557,535
DA:4558,175
DA:4560,175
DA:4561,175
DA:4562,164
DA:4563,175
DA:4564,175
DA:4566,350
DA:4567,175
DA:4740,800
DA:4742,400
DA:4743,400
DA:4746,400
DA:4747,400
DA:4752,400
DA:4753,400
DA:4754,400
DA:4755,400
DA:4759,400
DA:4760,400
DA:4761,400
DA:4762,400
DA:4764,400
DA:4769,400
DA:4771,400
DA:4772,1200
DA:4773,400
DA:4774,400
DA:4776,400
DA:4777,800
DA:4778,400
DA:4779,400
DA:4782,399
DA:4784,399
DA:4785,798
DA:4786,399
DA:4787,399
DA:4789,399
DA:4790,1197
DA:4791,399
DA:4794,400
DA:4795,400
DA:4796,1200
DA:4798,400
DA:4801,398
DA:4803,1194
DA:4804,398
DA:4824,207
DA:4826,0
DA:4827,0
DA:4829,191
DA:4830,191
DA:4866,414
DA:4867,414
DA:4869,621
DA:4870,182
DA:4875,398
DA:4876,382
DA:4877,191
DA:4878,382
DA:4879,382
DA:4881,191
DA:4882,382
DA:4883,191
DA:4885,191
DA:4886,191
DA:4890,294
DA:4891,142
DA:4892,71
DA:4893,140
DA:4894,140
DA:4896,54
DA:4897,54
DA:4901,207
DA:4904,84
DA:4905,84
DA:4906,168
DA:4907,166
DA:4909,166
DA:4910,216
DA:4912,50
DA:4914,84
DA:4919,207
DA:4921,97
DA:4923,45
DA:4925,36
DA:4927,42
DA:4930,20
DA:4938,40
DA:4939,97
DA:4940,194
DA:4941,97
DA:4942,97
DA:4944,97
DA:4948,414
DA:4949,414
DA:4950,1035
DA:4951,414
DA:4952,414
DA:4955,261
DA:4956,54
DA:4957,54
DA:4958,108
DA:4959,54
DA:4960,108
DA:4961,54
DA:4962,108
DA:4963,54
DA:4964,54
DA:4966,54
DA:4967,54
DA:4971,84
DA:4972,136
DA:4973,68
DA:4974,65
DA:4981,398
DA:4983,398
DA:4984,796
DA:4986,0
DA:4989,398
DA:4991,398
DA:4992,796
DA:4994,0
DA:4995,1194
DA:4998,209
DA:4999,418
DA:5002,68
DA:5004,136
DA:5005,68
DA:5006,136
DA:5007,272
DA:5010,400
DA:5012,400
DA:5013,400
DA:5014,800
DA:5015,1200
DA:5016,400
DA:5018,418
DA:5021,398
DA:5023,398
DA:5024,1194
DA:5025,398
DA:5027,398
DA:5065,8
DA:5067,8
DA:5068,24
DA:5078,800
DA:5090,400
DA:5091,400
DA:5094,400
DA:5097,0
DA:5098,0
DA:5099,400
DA:5106,162
DA:5108,0
DA:5110,0
DA:5113,0
DA:5115,0
DA:5118,0
DA:5120,0
DA:5123,0
DA:5125,0
DA:5128,0
DA:5130,0
DA:5143,800
DA:5145,400
DA:5146,400
DA:5150,398
DA:5152,398
DA:5153,796
DA:5156,24
DA:5158,48
DA:5159,24
DA:5162,400
DA:5164,400
DA:5165,2000
DA:5168,274
DA:5170,274
DA:5171,548
DA:5172,1370
DA:5175,400
DA:5177,400
DA:5178,0
DA:5179,400
DA:5180,400
DA:5181,800
DA:5184,0
DA:5186,0
DA:5189,87
DA:5191,87
DA:5192,174
DA:5193,87
DA:5194,174
DA:5206,399
DA:5207,798
DA:5208,399
DA:5210,399
DA:5211,399
DA:5217,110
DA:5219,550
DA:5226,287
DA:5228,287
DA:5229,287
DA:5230,536
DA:5231,574
DA:5234,60
DA:5236,60
DA:5237,120
DA:5238,114
DA:5239,120
DA:5242,91
DA:5244,91
DA:5245,182
DA:5246,91
DA:5247,182
DA:5250,398
DA:5252,683
DA:5253,570
DA:5254,285
DA:5258,8
DA:5260,16
DA:5261,16
DA:5262,16
DA:5265,399
DA:5267,399
DA:5268,1995
DA:5270,1482
DA:5271,1144
DA:5272,570
DA:5277,207
DA:5279,207
DA:5280,414
DA:5281,1242
DA:5282,414
DA:5292,400
DA:5297,10
DA:5298,20
DA:5301,20
DA:5307,20
DA:5314,20
LF:1401
LH:1239
end_of_record
SF:lib/src/services/binary_messenger.dart
DA:20,408
DA:69,464
DA:71,464
DA:72,464
DA:73,0
DA:86,464
DA:87,928
LF:7
LH:6
end_of_record
SF:lib/src/foundation/binding.dart
DA:52,477
DA:53,477
DA:55,0
DA:56,477
DA:57,0
DA:59,0
DA:60,477
DA:61,0
DA:63,954
DA:65,477
DA:87,136
DA:97,477
DA:100,0
DA:101,477
DA:104,477
DA:125,477
DA:128,0
DA:130,477
DA:131,477
DA:133,477
DA:136,477
DA:139,477
DA:143,477
DA:145,1
DA:146,1
DA:147,1
DA:153,477
DA:155,477
DA:157,1
DA:158,1
DA:159,1
DA:160,1
DA:163,1
DA:166,1
DA:173,1
DA:175,5
DA:177,2
DA:179,1
DA:180,1
DA:181,1
DA:182,3
DA:187,477
DA:188,477
DA:191,477
DA:200,195
DA:201,390
DA:213,10
DA:215,10
DA:217,0
DA:218,20
DA:219,10
DA:220,0
DA:221,20
DA:222,20
DA:223,10
DA:224,10
DA:225,10
DA:234,10
DA:237,10
DA:258,6
DA:259,12
DA:272,6
DA:275,6
DA:276,6
DA:286,477
DA:291,0
DA:292,0
DA:293,477
DA:295,1
DA:296,2
DA:297,1
DA:316,459
DA:322,0
DA:323,0
DA:324,0
DA:325,459
DA:327,1
DA:328,1
DA:329,4
DA:330,3
DA:332,3
DA:350,461
DA:356,0
DA:357,0
DA:358,0
DA:359,461
DA:361,1
DA:362,1
DA:363,4
DA:364,4
DA:366,4
DA:382,1
DA:383,1
DA:385,1
DA:386,1
DA:395,0
DA:397,0
DA:412,464
DA:418,0
DA:419,0
DA:420,0
DA:421,464
DA:423,1
DA:424,1
DA:425,3
DA:426,3
DA:428,3
DA:484,476
DA:489,0
DA:490,0
DA:491,476
DA:492,476
DA:493,0
DA:494,0
DA:496,0
DA:498,0
DA:510,0
DA:511,0
DA:518,0
DA:524,0
DA:525,0
DA:526,0
DA:528,0
DA:531,0
DA:533,0
DA:535,0
DA:536,0
DA:537,0
DA:545,1
DA:546,2
DA:550,0
DA:551,0
LF:132
LH:91
end_of_record
SF:lib/src/services/binding.dart
DA:22,0
DA:24,0
DA:26,0
DA:27,0
DA:28,0
DA:29,0
DA:30,0
DA:34,464
DA:42,0
DA:47,0
DA:58,0
DA:64,0
DA:67,0
DA:70,0
DA:86,0
DA:87,0
DA:88,0
DA:90,0
DA:91,0
DA:92,0
DA:93,0
DA:95,0
DA:96,0
DA:100,0
DA:101,0
DA:102,0
DA:103,0
DA:104,0
DA:105,0
DA:106,0
DA:107,0
DA:108,0
DA:109,0
DA:112,0
DA:118,0
DA:120,0
DA:122,5
DA:123,5
DA:129,0
DA:130,0
DA:131,0
DA:135,0
DA:142,0
DA:145,0
DA:155,0
DA:159,928
DA:160,464
DA:164,820
DA:165,410
DA:167,184
DA:168,184
DA:175,552
DA:177,184
DA:179,0
DA:183,0
DA:187,184
DA:191,24
DA:198,48
DA:200,48
DA:202,2
DA:205,0
DA:209,0
DA:212,24
DA:216,197
DA:218,394
DA:220,44
DA:221,184
DA:224,464
DA:227,2
DA:229,928
DA:230,930
DA:231,4
DA:235,409
DA:238,26
DA:240,818
LF:75
LH:29
end_of_record
SF:lib/src/scheduler/binding.dart
DA:20,438
DA:25,410
DA:26,410
DA:27,410
DA:31,8
DA:60,2
DA:62,2
DA:63,4
DA:65,2
DA:66,4
DA:76,2
DA:78,2
DA:79,2
DA:80,2
DA:81,6
DA:83,2
DA:86,0
DA:92,194
DA:93,194
DA:95,190
DA:97,0
DA:108,190
DA:109,190
DA:112,388
DA:115,194
DA:133,575
DA:139,575
DA:148,575
DA:155,575
DA:162,575
DA:171,575
DA:193,0
DA:195,0
DA:197,0
DA:198,0
DA:205,0
DA:206,0
DA:207,0
DA:208,0
DA:215,417
DA:218,0
DA:220,0
DA:223,0
DA:225,0
DA:226,0
DA:227,0
DA:241,0
DA:254,0
DA:256,0
DA:257,0
DA:267,0
DA:270,0
DA:271,0
DA:273,0
DA:274,0
DA:275,0
DA:277,0
DA:278,0
DA:279,0
DA:284,0
DA:285,0
DA:289,461
DA:291,461
DA:293,461
DA:295,461
DA:297,461
DA:308,1
DA:309,4
DA:332,0
DA:338,0
DA:339,0
DA:341,0
DA:345,0
DA:346,0
DA:347,0
DA:348,0
DA:351,0
DA:353,0
DA:354,0
DA:355,0
DA:362,0
DA:363,0
DA:364,0
DA:365,0
DA:367,0
DA:368,0
DA:372,0
DA:373,0
DA:374,0
DA:375,0
DA:388,0
DA:390,0
DA:392,0
DA:393,0
DA:395,0
DA:396,0
DA:399,0
DA:400,0
DA:402,0
DA:403,0
DA:407,0
DA:408,0
DA:409,0
DA:418,0
DA:435,0
DA:456,0
DA:457,0
DA:458,0
DA:459,0
DA:460,0
DA:470,0
DA:471,0
DA:472,0
DA:473,0
DA:496,0
DA:497,0
DA:498,0
DA:502,0
DA:503,0
DA:504,0
DA:507,0
DA:508,0
DA:510,0
DA:515,0
DA:520,0
DA:521,0
DA:522,0
DA:528,0
DA:551,0
DA:552,0
DA:554,0
DA:555,0
DA:556,0
DA:557,0
DA:558,0
DA:561,0
DA:564,0
DA:581,0
DA:582,0
DA:607,0
DA:608,0
DA:622,0
DA:623,0
DA:624,0
DA:625,0
DA:626,0
DA:627,1
DA:628,2
DA:629,1
DA:632,0
DA:636,0
DA:640,0
DA:646,0
DA:649,0
DA:650,0
DA:652,0
DA:654,0
DA:657,0
DA:659,0
DA:660,0
DA:676,0
DA:677,0
DA:678,0
DA:679,0
DA:680,0
DA:682,0
DA:683,0
DA:684,0
DA:716,0
DA:717,0
DA:719,5
DA:721,0
DA:723,0
DA:724,0
DA:725,0
DA:726,0
DA:748,0
DA:749,0
DA:751,0
DA:753,0
DA:755,0
DA:756,0
DA:757,0
DA:777,0
DA:778,0
DA:781,0
DA:782,0
DA:783,0
DA:785,1
DA:786,1
DA:787,1
DA:789,1
DA:790,1
DA:791,1
DA:800,1
DA:801,1
DA:803,0
DA:808,1
DA:809,2
DA:810,1
DA:835,0
DA:836,0
DA:837,0
DA:848,0
DA:849,0
DA:850,0
DA:858,0
DA:859,0
DA:860,0
DA:875,0
DA:876,0
DA:877,0
DA:884,0
DA:885,0
DA:886,0
DA:887,0
DA:890,0
DA:893,0
DA:894,0
DA:895,0
DA:898,0
DA:924,0
DA:925,0
DA:926,0
DA:927,0
DA:929,0
DA:931,5
DA:932,10
DA:935,0
DA:937,0
DA:939,0
DA:941,0
DA:943,0
DA:946,0
DA:948,0
DA:949,0
DA:952,0
DA:953,0
DA:954,0
DA:955,0
DA:956,2
DA:957,4
DA:958,8
DA:960,0
DA:962,0
DA:975,0
DA:976,0
DA:977,0
DA:980,0
DA:981,0
DA:982,0
DA:985,0
DA:986,0
DA:987,0
DA:988,0
DA:989,0
DA:990,0
DA:992,0
DA:993,0
DA:994,5
DA:996,0
DA:997,5
DA:999,0
DA:1000,0
DA:1004,0
DA:1005,0
DA:1007,0
DA:1008,0
DA:1009,0
DA:1010,0
DA:1014,0
DA:1015,0
DA:1016,0
DA:1017,0
DA:1018,0
DA:1019,0
DA:1020,0
DA:1021,0
DA:1022,0
DA:1023,0
DA:1024,0
DA:1025,0
DA:1026,0
DA:1027,0
DA:1035,0
DA:1036,0
DA:1037,0
DA:1038,5
DA:1041,0
DA:1043,0
DA:1045,0
DA:1049,0
DA:1050,0
DA:1051,0
DA:1060,5
DA:1063,0
DA:1072,1
DA:1073,2
DA:1074,2
LF:299
LH:64
end_of_record
SF:lib/src/gestures/binding.dart
DA:62,0
DA:64,0
DA:66,0
DA:69,0
DA:71,0
DA:72,0
DA:76,427
DA:81,0
DA:84,0
DA:85,0
DA:86,0
DA:93,0
DA:94,0
DA:95,0
DA:96,0
DA:99,0
DA:100,0
DA:101,0
DA:102,0
DA:122,0
DA:123,0
DA:125,0
DA:126,0
DA:127,0
DA:128,0
DA:129,0
DA:130,0
DA:132,0
DA:134,0
DA:136,0
DA:137,0
DA:138,0
DA:139,0
DA:145,0
DA:147,0
DA:148,0
DA:149,0
DA:151,0
DA:153,0
DA:154,0
DA:155,0
DA:156,0
DA:161,0
DA:163,0
DA:172,0
DA:174,0
DA:178,0
DA:180,0
DA:182,0
DA:186,0
DA:189,0
DA:190,0
DA:196,0
DA:198,0
DA:200,0
DA:204,0
DA:207,0
DA:208,0
DA:209,0
DA:216,0
DA:218,0
DA:219,0
DA:220,0
DA:221,0
DA:222,0
DA:223,0
DA:224,0
DA:240,0
DA:249,0
LF:69
LH:1
end_of_record
SF:lib/src/semantics/binding.dart
DA:17,405
DA:20,0
DA:22,0
DA:24,0
DA:30,0
DA:32,0
DA:42,0
DA:49,0
DA:50,0
DA:51,3
DA:55,0
LF:11
LH:2
end_of_record
SF:lib/src/rendering/binding.dart
DA:27,0
DA:29,0
DA:31,0
DA:32,0
DA:33,0
DA:34,0
DA:36,0
DA:37,0
DA:38,0
DA:39,0
DA:40,0
DA:41,0
DA:42,0
DA:43,0
DA:44,0
DA:45,0
DA:46,0
DA:50,399
DA:53,0
DA:55,0
DA:57,5
DA:59,5
DA:61,0
DA:62,0
DA:63,0
DA:64,0
DA:66,0
DA:69,5
DA:71,0
DA:72,0
DA:73,0
DA:74,0
DA:76,0
DA:79,5
DA:81,0
DA:82,0
DA:86,0
DA:87,0
DA:90,5
DA:92,0
DA:93,0
DA:94,0
DA:95,0
DA:98,0
DA:101,5
DA:103,0
DA:104,0
DA:105,0
DA:109,0
DA:113,0
DA:115,0
DA:116,0
DA:117,0
DA:121,0
DA:123,0
DA:124,0
DA:125,0
DA:129,0
DA:131,0
DA:132,0
DA:133,0
DA:144,0
DA:145,0
DA:146,0
DA:147,0
DA:152,0
DA:157,0
DA:161,0
DA:164,0
DA:165,0
DA:166,0
DA:172,0
DA:174,0
DA:175,0
DA:176,0
DA:182,0
DA:218,0
DA:231,0
DA:232,0
DA:233,0
DA:234,0
DA:245,0
DA:247,0
DA:248,0
DA:251,0
DA:252,0
DA:257,0
DA:259,0
DA:261,0
DA:262,0
DA:266,0
DA:267,0
DA:270,0
DA:274,0
DA:275,0
DA:278,0
DA:279,0
DA:282,0
DA:283,0
DA:341,0
DA:343,0
DA:344,0
DA:345,0
DA:346,0
DA:347,0
DA:348,0
DA:352,0
DA:353,0
DA:354,0
DA:356,0
DA:358,0
DA:360,0
DA:361,0
DA:364,0
DA:366,0
DA:367,0
DA:368,0
DA:371,0
DA:373,0
DA:374,0
DA:375,0
DA:377,0
DA:378,0
DA:383,1
DA:384,5
DA:388,1
DA:389,6
DA:398,1
DA:399,5
DA:416,0
DA:417,0
DA:418,0
LF:132
LH:13
end_of_record
SF:lib/src/painting/binding.dart
DA:19,0
DA:21,0
DA:23,0
DA:24,0
DA:25,0
DA:30,411
DA:54,920
DA:63,0
DA:69,0
DA:70,0
DA:82,0
DA:86,0
DA:87,0
DA:88,0
DA:95,0
DA:97,0
DA:98,0
DA:110,0
DA:114,0
DA:115,0
DA:117,0
DA:119,0
DA:120,0
DA:130,1
DA:131,2
DA:132,1
DA:136,404
DA:138,808
DA:140,402
DA:142,804
DA:153,9
LF:31
LH:10
end_of_record
SF:lib/src/widgets/binding.dart
DA:94,0
DA:105,0
DA:163,0
DA:215,0
DA:218,0
DA:225,0
DA:234,0
DA:240,0
DA:246,0
DA:251,5
DA:253,5
DA:258,10
DA:259,15
DA:260,15
DA:261,15
DA:262,10
DA:263,10
DA:271,413
DA:274,5
DA:276,5
DA:279,5
DA:281,0
DA:282,0
DA:283,0
DA:288,5
DA:290,0
DA:292,0
DA:293,0
DA:294,0
DA:296,0
DA:301,5
DA:303,0
DA:304,0
DA:308,0
DA:315,5
DA:317,0
DA:318,0
DA:322,0
DA:328,5
DA:330,0
DA:331,0
DA:332,0
DA:338,5
DA:339,5
DA:341,0
DA:342,0
DA:343,0
DA:344,0
DA:346,0
DA:352,5
DA:354,0
DA:355,0
DA:356,0
DA:357,0
DA:359,0
DA:363,15
DA:366,5
DA:369,0
DA:370,0
DA:371,0
DA:372,0
DA:374,0
DA:379,10
DA:391,0
DA:412,3
DA:422,0
DA:424,0
DA:426,0
DA:427,0
DA:428,0
DA:431,0
DA:433,0
DA:434,0
DA:435,0
DA:438,0
DA:440,0
DA:441,0
DA:442,0
DA:445,0
DA:447,0
DA:448,0
DA:449,0
DA:457,0
DA:460,0
DA:469,0
DA:472,0
DA:473,0
DA:482,0
DA:485,0
DA:486,0
DA:504,0
DA:505,0
DA:506,0
DA:509,0
DA:524,0
DA:525,0
DA:526,0
DA:531,0
DA:532,0
DA:533,0
DA:534,0
DA:535,0
DA:536,0
DA:538,0
DA:541,0
DA:543,0
DA:544,0
DA:545,0
DA:556,0
DA:557,0
DA:558,0
DA:562,0
DA:563,0
DA:565,0
DA:567,0
DA:568,0
DA:576,15
DA:589,0
DA:599,0
DA:614,0
DA:621,0
DA:623,0
DA:624,0
DA:636,0
DA:638,0
DA:639,0
DA:643,1
DA:646,1
DA:647,1
DA:648,0
DA:667,1
DA:668,1
DA:744,5
DA:746,5
DA:747,5
DA:748,5
DA:750,5
DA:752,10
DA:753,10
DA:757,15
DA:760,15
DA:762,0
DA:763,0
DA:766,0
DA:770,0
DA:771,0
DA:776,5
DA:777,6
DA:778,5
DA:779,10
DA:781,5
DA:782,5
DA:784,5
DA:787,10
DA:788,5
DA:791,5
DA:798,10
DA:805,1
DA:807,2
DA:808,1
DA:818,2
DA:819,4
DA:820,2
DA:823,6
DA:830,0
DA:832,0
DA:834,0
DA:835,0
DA:837,0
DA:839,0
DA:840,0
DA:841,0
DA:842,0
DA:843,0
DA:871,399
DA:872,399
DA:873,399
DA:874,399
DA:878,1
DA:879,1
DA:881,1
DA:884,1
DA:885,5
DA:886,2
DA:887,0
DA:889,2
DA:905,400
DA:909,800
DA:922,400
DA:923,400
DA:925,400
DA:926,400
DA:928,398
DA:938,400
DA:940,800
DA:941,400
DA:942,0
DA:943,400
DA:945,800
DA:946,400
DA:950,800
DA:952,398
DA:953,398
DA:958,16
DA:959,16
DA:978,800
DA:980,400
DA:981,400
DA:987,309
DA:989,309
DA:990,618
DA:993,0
DA:995,0
DA:996,0
DA:999,400
DA:1001,0
DA:1002,400
DA:1003,400
DA:1006,398
DA:1008,398
DA:1009,796
DA:1010,398
DA:1017,398
DA:1019,398
DA:1022,398
DA:1023,398
DA:1024,398
DA:1026,398
DA:1027,398
DA:1030,400
DA:1032,2000
DA:1033,400
DA:1035,6
DA:1039,6
DA:1041,6
DA:1042,12
DA:1043,12
DA:1047,400
DA:1048,400
DA:1050,400
DA:1052,400
DA:1053,800
DA:1054,800
DA:1057,0
DA:1059,0
DA:1062,398
DA:1064,1194
DA:1065,796
DA:1085,403
DA:1086,403
DA:1087,5
DA:1088,403
LF:252
LH:126
end_of_record
SF:lib/src/rendering/view.dart
DA:26,459
DA:38,458
DA:39,1374
DA:42,2
DA:43,8
DA:57,459
DA:61,0
DA:64,459
DA:68,840
DA:72,918
DA:78,5
DA:79,0
DA:80,10
DA:82,5
DA:83,10
DA:84,5
DA:85,5
DA:115,0
DA:117,0
DA:118,0
DA:129,459
DA:130,459
DA:131,459
DA:132,459
DA:133,918
DA:134,459
DA:139,459
DA:140,1377
DA:141,918
DA:142,459
DA:143,459
DA:149,0
DA:150,0
DA:152,0
DA:154,0
DA:157,443
DA:159,443
DA:160,1329
DA:161,886
DA:163,443
DA:164,1756
DA:167,0
DA:169,0
DA:182,184
DA:183,184
DA:184,549
DA:185,368
DA:195,16
DA:199,32
DA:200,48
DA:201,16
DA:204,459
DA:207,419
DA:209,419
DA:210,830
DA:213,401
DA:215,401
DA:216,802
DA:217,401
DA:223,411
DA:224,411
DA:226,411
DA:227,822
DA:228,411
DA:229,411
DA:230,822
DA:231,411
DA:232,411
DA:234,0
DA:236,411
DA:238,411
DA:242,411
DA:243,411
DA:244,3699
DA:245,4932
DA:246,852
DA:249,411
DA:250,411
DA:251,825
DA:253,20
DA:254,2
DA:259,30
DA:260,30
DA:261,30
DA:262,30
DA:263,3
DA:264,3
DA:265,3
DA:267,30
DA:271,420
DA:272,2100
DA:274,401
DA:276,401
DA:277,1604
DA:280,2
DA:286,2
DA:287,8
DA:289,2
DA:290,8
DA:291,8
DA:292,6
DA:293,4
DA:294,0
LF:103
LH:90
end_of_record
SF:lib/src/rendering/object.dart
DA:30,424
DA:34,17
DA:67,420
DA:69,0
DA:70,0
DA:93,419
DA:94,419
DA:95,419
DA:101,419
DA:106,419
DA:107,419
DA:109,419
DA:114,419
DA:115,419
DA:117,0
DA:122,506
DA:124,419
DA:125,419
DA:126,419
DA:128,419
DA:129,838
DA:130,419
DA:131,1276
DA:133,419
DA:134,1257
DA:135,419
DA:139,419
DA:140,419
DA:151,1
DA:156,1
DA:157,1
DA:163,1
DA:171,415
DA:172,415
DA:174,0
DA:176,0
DA:178,415
DA:180,415
DA:181,252
DA:182,252
DA:184,415
DA:187,415
DA:189,0
DA:191,415
DA:194,252
DA:195,252
DA:196,252
DA:197,252
DA:200,252
DA:201,252
DA:203,160
DA:205,160
DA:209,480
DA:211,160
DA:213,504
DA:214,252
DA:215,252
DA:216,504
DA:228,272
DA:230,272
DA:231,272
DA:232,544
DA:235,420
DA:236,420
DA:237,420
DA:239,407
DA:240,407
DA:241,407
DA:243,420
DA:244,420
DA:245,420
DA:248,420
DA:262,408
DA:264,408
DA:265,408
DA:266,408
DA:269,408
DA:270,408
DA:271,1224
DA:272,816
DA:273,1224
DA:274,1224
DA:287,419
DA:290,419
DA:292,407
DA:294,0
DA:295,0
DA:296,0
DA:297,0
DA:298,0
DA:301,0
DA:302,0
DA:303,0
DA:304,0
DA:305,0
DA:308,407
DA:309,1628
DA:310,407
DA:311,407
DA:312,407
DA:321,4
DA:322,8
DA:331,1
DA:332,2
DA:349,5
DA:350,5
DA:351,5
DA:374,229
DA:375,0
DA:378,229
DA:379,121
DA:381,229
DA:382,229
DA:383,340
DA:384,229
DA:385,229
DA:389,229
DA:391,229
DA:419,161
DA:420,161
DA:422,137
DA:424,137
DA:425,137
DA:426,137
DA:429,177
DA:447,12
DA:448,0
DA:449,12
DA:450,12
DA:452,9
DA:454,9
DA:455,9
DA:456,9
DA:459,9
DA:477,6
DA:478,0
DA:479,6
DA:480,6
DA:482,4
DA:484,4
DA:485,4
DA:486,4
DA:489,9
DA:508,2
DA:509,0
DA:510,2
DA:511,2
DA:512,2
DA:525,106
DA:526,318
DA:527,636
DA:529,29
DA:530,29
DA:531,29
DA:535,58
DA:539,98
DA:540,98
DA:541,196
DA:542,98
DA:543,98
DA:544,98
DA:564,61
DA:565,61
DA:567,61
DA:568,61
DA:569,61
DA:573,0
DA:574,0
DA:627,442
DA:656,0
DA:660,0
DA:661,0
DA:692,402
DA:693,0
DA:694,402
DA:695,20
DA:709,400
DA:711,400
DA:712,400
DA:713,0
DA:719,400
DA:720,400
DA:721,400
DA:722,20
DA:723,800
DA:724,400
DA:764,460
DA:794,432
DA:795,432
DA:796,431
DA:802,918
DA:804,459
DA:805,918
DA:807,459
DA:808,459
DA:809,918
DA:819,322
DA:829,443
DA:831,443
DA:833,443
DA:834,443
DA:836,443
DA:839,886
DA:840,443
DA:841,886
DA:842,1278
DA:843,1329
DA:844,443
DA:848,443
DA:849,443
DA:851,443
DA:853,443
DA:866,129
DA:867,129
DA:869,129
DA:870,129
DA:871,129
DA:873,129
DA:875,129
DA:877,129
DA:878,129
DA:880,129
DA:889,419
DA:891,419
DA:893,1034
DA:894,835
DA:895,1248
DA:896,416
DA:898,838
DA:900,419
DA:911,888
DA:921,419
DA:923,419
DA:925,419
DA:926,419
DA:928,419
DA:930,419
DA:931,838
DA:933,1410
DA:934,419
DA:935,1257
DA:936,838
DA:937,419
DA:939,23
DA:943,838
DA:945,419
DA:946,419
DA:948,419
DA:950,419
DA:965,804
DA:972,796
DA:987,402
DA:988,804
DA:989,804
DA:990,402
DA:991,804
DA:992,402
DA:993,401
DA:995,402
DA:998,400
DA:999,400
DA:1000,800
DA:1001,800
DA:1002,800
DA:1003,400
DA:1004,400
DA:1005,400
DA:1023,411
DA:1024,411
DA:1027,402
DA:1029,402
DA:1030,402
DA:1031,402
DA:1033,402
DA:1035,804
DA:1036,798
DA:1037,804
DA:1038,804
DA:1039,1206
DA:1040,402
DA:1042,804
DA:1044,804
DA:1045,402
DA:1046,402
DA:1048,402
DA:1050,402
DA:1168,464
DA:1169,1373
DA:1187,5
DA:1188,5
DA:1189,5
DA:1190,5
DA:1191,5
DA:1192,9
DA:1193,4
DA:1220,439
DA:1221,439
DA:1222,878
DA:1223,878
DA:1230,441
DA:1232,441
DA:1233,0
DA:1234,441
DA:1235,441
DA:1236,441
DA:1237,441
DA:1238,441
DA:1245,424
DA:1247,424
DA:1248,0
DA:1249,424
DA:1250,424
DA:1251,848
DA:1252,424
DA:1253,424
DA:1254,424
DA:1255,424
DA:1256,424
DA:1262,72
DA:1269,8
DA:1270,16
DA:1274,16
DA:1276,2
DA:1277,2
DA:1278,0
DA:1279,2
DA:1284,2
DA:1293,884
DA:1300,880
DA:1307,438
DA:1317,880
DA:1326,443
DA:1328,443
DA:1331,443
DA:1335,1449
DA:1339,443
DA:1343,886
DA:1347,417
DA:1350,443
DA:1354,462
DA:1355,462
DA:1357,460
DA:1359,460
DA:1362,920
DA:1365,2
DA:1366,2
DA:1368,460
DA:1369,42
DA:1370,42
DA:1372,920
DA:1375,26
DA:1376,26
DA:1378,1380
DA:1381,218
DA:1382,218
DA:1394,422
DA:1396,422
DA:1397,422
DA:1399,422
DA:1408,441
DA:1409,441
DA:1430,442
DA:1431,442
DA:1434,878
DA:1435,504
DA:1436,168
DA:1437,168
DA:1438,185
DA:1441,878
DA:1483,443
DA:1484,443
DA:1485,443
DA:1486,442
DA:1489,429
DA:1490,858
DA:1491,192
DA:1493,429
DA:1494,429
DA:1495,429
DA:1497,0
DA:1499,429
DA:1500,1287
DA:1501,858
DA:1515,206
DA:1517,206
DA:1518,206
DA:1519,206
DA:1520,187
DA:1522,56
DA:1524,412
DA:1534,31
DA:1535,31
DA:1536,31
DA:1539,424
DA:1540,848
DA:1541,117
DA:1542,117
DA:1543,227
DA:1544,110
DA:1555,460
DA:1556,460
DA:1557,920
DA:1558,920
DA:1559,460
DA:1560,460
DA:1561,460
DA:1562,460
DA:1564,460
DA:1565,1380
DA:1568,443
DA:1569,886
DA:1571,443
DA:1572,443
DA:1573,443
DA:1574,443
DA:1575,443
DA:1576,443
DA:1580,0
DA:1582,443
DA:1584,443
DA:1585,443
DA:1587,0
DA:1589,443
DA:1591,443
DA:1592,443
DA:1594,443
DA:1595,443
DA:1596,443
DA:1622,440
DA:1623,0
DA:1624,440
DA:1626,0
DA:1627,0
DA:1629,0
DA:1630,0
DA:1631,0
DA:1632,0
DA:1636,0
DA:1637,0
DA:1638,0
DA:1639,0
DA:1641,0
DA:1642,0
DA:1650,440
DA:1651,440
DA:1653,1722
DA:1656,426
DA:1657,426
DA:1659,440
DA:1660,440
DA:1662,440
DA:1663,1346
DA:1664,219
DA:1667,438
DA:1668,438
DA:1671,219
DA:1673,219
DA:1674,219
DA:1676,219
DA:1679,440
DA:1680,440
DA:1681,440
DA:1682,440
DA:1683,440
DA:1684,440
DA:1686,0
DA:1688,440
DA:1689,440
DA:1690,181
DA:1691,181
DA:1693,181
DA:1695,181
DA:1696,181
DA:1697,181
DA:1699,181
DA:1701,0
DA:1703,181
DA:1704,181
DA:1706,181
DA:1709,440
DA:1710,440
DA:1714,440
DA:1716,440
DA:1717,440
DA:1718,440
DA:1719,440
DA:1721,440
DA:1723,7
DA:1725,440
DA:1727,440
DA:1728,440
DA:1730,440
DA:1731,440
DA:1732,440
DA:1741,0
DA:1754,440
DA:1808,129
DA:1810,129
DA:1811,129
DA:1812,129
DA:1813,129
DA:1815,645
DA:1817,129
DA:1822,0
DA:1845,2
DA:1852,1
DA:1869,445
DA:1876,419
DA:1886,445
DA:1906,413
DA:1908,1646
DA:1909,413
DA:1912,203
DA:1915,204
DA:1920,203
DA:1931,50
DA:1933,50
DA:1934,50
DA:1936,50
DA:1957,442
DA:1958,442
DA:1960,442
DA:1961,884
DA:1962,436
DA:1963,436
DA:1965,390
DA:1966,141
DA:1970,442
DA:1971,442
DA:1972,442
DA:1973,196
DA:1975,442
DA:1977,442
DA:1978,1323
DA:1989,416
DA:1990,416
DA:1991,416
DA:1994,416
DA:1995,416
DA:1997,416
DA:1998,416
DA:1999,831
DA:2000,415
DA:2001,415
DA:2002,270
DA:2004,829
DA:2005,416
DA:2006,832
DA:2007,263
DA:2008,416
DA:2025,35
DA:2027,35
DA:2028,35
DA:2030,35
DA:2055,445
DA:2056,1333
DA:2057,445
DA:2059,410
DA:2060,410
DA:2061,410
DA:2063,0
DA:2065,410
DA:2068,820
DA:2069,410
DA:2070,1230
DA:2071,820
DA:2073,662
DA:2074,330
DA:2075,330
DA:2076,660
DA:2078,224
DA:2080,0
DA:2082,224
DA:2087,224
DA:2088,0
DA:2097,23
DA:2098,23
DA:2099,23
DA:2100,23
DA:2101,23
DA:2102,46
DA:2103,23
DA:2104,23
DA:2106,23
DA:2107,23
DA:2109,46
DA:2111,15
DA:2113,23
DA:2123,459
DA:2124,459
DA:2125,459
DA:2126,918
DA:2127,918
DA:2128,459
DA:2129,459
DA:2130,459
DA:2131,459
DA:2132,1377
DA:2140,5
DA:2141,5
DA:2142,5
DA:2143,10
DA:2144,10
DA:2145,5
DA:2146,5
DA:2147,10
DA:2148,5
DA:2149,5
DA:2152,419
DA:2153,419
DA:2154,419
DA:2155,2
DA:2156,1
DA:2157,1
DA:2161,1
DA:2168,419
DA:2176,419
DA:2178,419
DA:2179,419
DA:2180,2
DA:2181,1
DA:2185,1
DA:2189,1
DA:2194,1
DA:2200,419
DA:2202,419
DA:2203,419
DA:2206,838
DA:2208,419
DA:2209,419
DA:2211,419
DA:2212,419
DA:2213,419
DA:2215,3
DA:2217,419
DA:2218,419
DA:2220,419
DA:2222,419
DA:2233,419
DA:2252,38
DA:2259,401
DA:2260,802
DA:2275,233
DA:2277,233
DA:2279,462
DA:2280,231
DA:2283,233
DA:2284,466
DA:2285,0
DA:2286,233
DA:2289,26
DA:2290,233
DA:2291,929
DA:2292,920
DA:2306,401
DA:2328,401
DA:2339,401
DA:2340,401
DA:2341,802
DA:2342,802
DA:2343,401
DA:2344,401
DA:2345,802
DA:2346,1203
DA:2347,802
DA:2384,461
DA:2397,70
DA:2398,140
DA:2400,210
DA:2401,140
DA:2402,63
DA:2403,63
DA:2404,63
DA:2411,461
DA:2412,461
DA:2413,922
DA:2414,922
DA:2416,461
DA:2434,33
DA:2436,33
DA:2437,33
DA:2439,33
DA:2449,400
DA:2451,400
DA:2452,400
DA:2453,800
DA:2454,400
DA:2463,446
DA:2464,1334
DA:2465,1334
DA:2466,446
DA:2475,1557
DA:2476,402
DA:2477,804
DA:2480,804
DA:2481,802
DA:2483,401
DA:2485,401
DA:2486,802
DA:2487,210
DA:2494,917
DA:2502,342
DA:2504,402
DA:2505,386
DA:2506,386
DA:2507,1538
DA:2508,1158
DA:2509,772
DA:2515,402
DA:2516,1606
DA:2517,402
DA:2522,402
DA:2523,927
DA:2525,402
DA:2527,402
DA:2528,785
DA:2529,785
DA:2530,785
DA:2531,402
DA:2533,1206
DA:2537,402
DA:2540,0
DA:2541,404
DA:2543,402
DA:2544,402
DA:2546,804
DA:2547,402
DA:2549,402
DA:2558,803
DA:2559,401
DA:2563,401
DA:2566,401
DA:2570,401
DA:2571,169
DA:2572,169
DA:2573,169
DA:2577,802
DA:2578,401
DA:2579,401
DA:2580,802
DA:2581,1203
DA:2582,401
DA:2585,401
DA:2587,520
DA:2588,11
DA:2589,827
DA:2590,145
DA:2591,15
DA:2592,15
DA:2599,0
DA:2602,402
DA:2603,50
DA:2605,402
DA:2608,804
DA:2609,402
DA:2610,0
DA:2611,402
DA:2616,400
DA:2620,401
DA:2626,401
DA:2628,217
DA:2632,402
DA:2645,402
DA:2646,402
DA:2662,214
DA:2667,428
DA:2668,214
DA:2674,183
DA:2699,36
DA:2701,36
DA:2702,96
DA:2704,19
DA:2705,38
DA:2706,14
DA:2707,14
DA:2709,38
DA:2711,36
DA:2712,10
DA:2713,36
DA:2714,16
DA:2715,36
DA:2716,7
DA:2717,36
DA:2718,7
DA:2722,2
DA:2723,2
DA:2728,18
DA:2735,18
DA:2739,18
DA:2740,18
DA:2745,18
DA:2748,18
DA:2757,1
DA:2763,1
DA:2767,1
DA:2768,1
DA:2769,1
DA:2772,1
DA:2776,24
DA:2779,24
DA:2780,72
DA:2781,72
DA:2782,120
DA:2783,72
DA:2785,72
DA:2786,72
DA:2787,48
DA:2789,48
DA:2792,96
DA:2795,5
DA:2796,5
DA:2813,21
DA:2819,42
DA:2820,21
DA:2821,21
DA:2839,5
DA:2840,5
DA:2855,0
DA:2856,1339
DA:2857,1339
DA:2858,4
DA:2859,2
DA:2860,2
DA:2861,2
DA:2863,2
DA:2869,2
DA:2870,2
DA:2871,4
DA:2872,2
DA:2875,2
DA:2876,2
DA:2877,2
DA:2879,2
DA:2885,0
DA:2891,0
DA:2892,0
DA:2893,0
DA:2894,0
DA:2895,0
DA:2896,0
DA:2897,0
DA:2900,0
DA:2902,0
DA:2903,0
DA:2904,0
DA:2907,0
DA:2909,0
DA:2910,0
DA:2911,0
DA:2914,0
DA:2916,0
DA:2917,0
DA:2920,0
DA:2922,0
DA:2923,0
DA:2926,0
DA:2928,0
DA:2940,0
DA:2942,0
DA:2943,0
DA:2944,0
DA:2953,0
DA:2954,0
DA:2955,0
DA:2956,0
DA:2957,0
DA:2958,0
DA:2960,0
DA:2962,0
DA:2963,0
DA:2964,0
DA:2965,0
DA:2966,0
DA:2967,0
DA:2969,0
DA:2974,0
DA:2982,0
DA:2983,838
DA:2984,838
DA:2985,4
DA:2986,2
DA:2987,2
DA:2988,2
DA:2990,2
DA:2996,2
DA:2997,2
DA:2998,4
DA:2999,2
DA:3002,2
DA:3003,2
DA:3004,2
DA:3006,2
DA:3012,0
DA:3018,0
DA:3019,0
DA:3020,0
DA:3021,0
DA:3022,0
DA:3023,0
DA:3026,0
DA:3027,0
DA:3028,0
DA:3029,0
DA:3031,0
DA:3032,0
DA:3034,0
DA:3035,0
DA:3036,0
DA:3037,0
DA:3038,0
DA:3039,0
DA:3041,0
DA:3042,0
DA:3043,0
DA:3044,0
DA:3048,0
DA:3049,0
DA:3051,0
DA:3052,0
DA:3053,0
DA:3054,0
DA:3055,0
DA:3063,0
DA:3064,0
DA:3065,0
DA:3066,0
DA:3067,0
DA:3068,0
DA:3069,0
DA:3070,0
DA:3074,0
DA:3075,0
DA:3079,0
DA:3080,0
DA:3083,0
DA:3084,0
DA:3085,0
DA:3086,0
DA:3087,0
DA:3088,0
DA:3089,0
DA:3090,0
DA:3092,0
DA:3093,0
DA:3095,0
DA:3096,0
DA:3097,0
DA:3099,0
DA:3100,0
DA:3102,0
DA:3103,0
DA:3104,0
DA:3110,0
DA:3111,0
DA:3112,0
DA:3118,0
DA:3119,0
DA:3121,0
DA:3122,0
DA:3123,0
DA:3124,0
DA:3125,0
DA:3128,0
DA:3129,0
DA:3130,0
DA:3138,0
DA:3139,0
DA:3140,0
DA:3141,0
DA:3142,0
DA:3143,0
DA:3144,0
DA:3146,0
DA:3147,0
DA:3148,0
DA:3151,0
DA:3153,0
DA:3154,0
DA:3156,0
DA:3157,0
DA:3158,0
DA:3162,0
DA:3164,0
DA:3165,0
DA:3167,0
DA:3168,0
DA:3169,0
DA:3173,0
DA:3175,0
DA:3177,0
DA:3178,0
DA:3179,0
DA:3183,0
DA:3185,0
DA:3187,0
DA:3188,0
DA:3189,0
DA:3194,0
DA:3197,0
DA:3200,0
DA:3201,0
DA:3202,0
DA:3203,0
DA:3204,0
DA:3208,0
DA:3209,0
DA:3210,0
DA:3211,0
DA:3212,0
DA:3215,0
DA:3217,0
DA:3218,0
DA:3219,0
DA:3222,0
DA:3223,0
DA:3225,0
DA:3226,0
DA:3227,0
DA:3249,0
DA:3252,0
DA:3255,0
DA:3257,0
DA:3258,0
DA:3261,0
DA:3263,0
DA:3264,0
DA:3276,14
DA:3284,14
DA:3306,402
DA:3307,0
DA:3334,401
DA:3344,400
DA:3345,400
DA:3347,400
DA:3349,800
DA:3363,402
DA:3366,0
DA:3367,402
DA:3368,402
DA:3372,1206
DA:3416,802
DA:3419,401
DA:3426,401
DA:3427,104
DA:3429,104
DA:3430,208
DA:3441,401
DA:3442,802
DA:3452,402
DA:3455,402
DA:3458,402
DA:3459,402
DA:3460,0
DA:3461,0
DA:3462,1206
DA:3463,402
DA:3465,1206
DA:3466,804
DA:3467,1206
DA:3469,804
DA:3470,1206
DA:3471,402
DA:3472,402
DA:3474,1206
DA:3476,402
DA:3477,803
DA:3478,401
DA:3479,401
DA:3485,402
DA:3486,402
DA:3493,403
DA:3497,402
DA:3502,0
DA:3507,402
DA:3509,804
DA:3532,401
DA:3539,0
DA:3540,0
DA:3541,401
DA:3549,401
DA:3550,401
DA:3551,518
DA:3552,479
DA:3553,1100
DA:3554,880
DA:3555,220
DA:3561,660
DA:3567,401
DA:3568,802
DA:3571,1203
DA:3574,2005
DA:3575,802
DA:3576,802
DA:3577,802
DA:3579,401
DA:3580,401
DA:3581,28
DA:3582,84
DA:3586,401
DA:3588,802
DA:3589,802
DA:3590,802
DA:3591,802
DA:3592,802
DA:3593,60
DA:3594,120
DA:3598,401
DA:3599,927
DA:3600,263
DA:3601,263
DA:3604,401
DA:3606,802
DA:3607,651
DA:3609,798
DA:3615,401
DA:3617,801
DA:3620,401
DA:3622,664
DA:3623,526
DA:3624,263
DA:3626,259
DA:3627,777
DA:3631,259
DA:3632,259
DA:3633,777
DA:3634,259
DA:3640,401
DA:3642,401
DA:3645,1604
DA:3657,0
DA:3659,0
DA:3662,0
DA:3665,0
DA:3667,0
DA:3671,0
DA:3672,0
DA:3675,0
DA:3693,401
DA:3698,401
DA:3707,802
DA:3710,802
DA:3713,802
DA:3716,802
DA:3718,401
DA:3719,802
DA:3721,802
DA:3722,401
DA:3723,401
DA:3724,1604
DA:3725,401
DA:3726,802
DA:3727,401
DA:3729,116
DA:3730,464
DA:3732,1604
DA:3734,802
DA:3735,1203
DA:3736,1604
DA:3737,1604
DA:3740,401
DA:3741,1800
DA:3742,401
DA:3743,348
DA:3744,359
DA:3745,116
DA:3746,116
DA:3757,1203
DA:3760,401
DA:3761,0
DA:3764,398
DA:3766,199
DA:3774,401
DA:3780,0
DA:3781,0
DA:3782,0
DA:3783,0
DA:3784,401
DA:3785,401
DA:3786,0
DA:3787,401
DA:3788,0
DA:3789,0
DA:3790,0
DA:3791,0
DA:3793,401
DA:3794,401
DA:3797,401
DA:3802,63
DA:3808,401
DA:3809,802
DA:3822,802
DA:3834,2
DA:3835,0
DA:3836,2
LF:1194
LH:932
end_of_record
SF:lib/src/rendering/proxy_box.dart
DA:46,400
DA:47,400
DA:59,383
DA:63,766
DA:64,766
DA:67,360
DA:69,360
DA:70,700
DA:74,359
DA:76,359
DA:77,698
DA:81,358
DA:83,358
DA:84,696
DA:88,358
DA:90,358
DA:91,696
DA:95,23
DA:97,23
DA:98,44
DA:99,19
DA:102,347
DA:104,347
DA:105,984
DA:106,984
DA:108,214
DA:112,181
DA:114,362
DA:117,295
DA:120,379
DA:122,379
DA:123,732
DA:128,579
DA:131,575
DA:136,575
DA:140,575
DA:149,266
DA:152,266
DA:157,177
DA:160,354
DA:161,267
DA:162,40
DA:163,354
DA:168,90
DA:169,180
DA:171,3
DA:173,3
DA:174,9
DA:192,350
DA:195,0
DA:196,350
DA:198,350
DA:201,22
DA:203,217
DA:204,0
DA:205,217
DA:206,434
DA:208,49
DA:209,49
DA:212,330
DA:214,1092
DA:215,430
DA:216,286
DA:217,286
DA:218,572
DA:219,408
DA:223,330
DA:225,1092
DA:226,430
DA:227,286
DA:228,286
DA:229,572
DA:230,408
DA:234,329
DA:236,1182
DA:237,520
DA:238,267
DA:239,267
DA:240,534
DA:241,306
DA:245,329
DA:247,1182
DA:248,520
DA:249,267
DA:250,267
DA:251,534
DA:252,306
DA:256,348
DA:258,348
DA:259,1300
DA:260,780
DA:262,1480
DA:266,1
DA:268,1
DA:269,1
DA:271,4
DA:272,0
DA:273,0
DA:274,0
DA:277,1
DA:280,10
DA:282,10
DA:283,30
DA:305,193
DA:309,193
DA:310,193
DA:313,193
DA:316,32
DA:318,77
DA:319,77
DA:320,154
DA:322,2
DA:323,2
DA:327,54
DA:329,77
DA:330,77
DA:331,154
DA:333,2
DA:334,2
DA:337,192
DA:338,192
DA:339,192
DA:340,400
DA:341,192
DA:342,422
DA:346,192
DA:348,192
DA:349,768
DA:350,960
DA:352,4
DA:356,7
DA:358,7
DA:359,21
DA:360,21
DA:394,9
DA:397,0
DA:398,9
DA:399,9
DA:401,9
DA:407,4
DA:409,4
DA:410,0
DA:411,4
DA:412,4
DA:413,8
DA:415,3
DA:416,3
DA:419,6
DA:421,6
DA:422,12
DA:423,6
DA:424,10
DA:428,7
DA:430,7
DA:431,14
DA:432,6
DA:433,10
DA:437,6
DA:439,6
DA:440,12
DA:441,6
DA:442,10
DA:446,7
DA:448,7
DA:449,12
DA:450,7
DA:451,10
DA:455,8
DA:456,8
DA:457,8
DA:458,10
DA:459,1
DA:460,1
DA:461,2
DA:468,8
DA:470,8
DA:471,3
DA:473,6
DA:479,6
DA:480,12
DA:482,2
DA:483,4
DA:491,12
DA:492,0
DA:493,0
DA:496,12
DA:497,4
DA:498,8
DA:501,12
DA:502,0
DA:503,0
DA:506,12
DA:507,1
DA:508,2
DA:511,12
DA:514,8
DA:516,24
DA:517,8
DA:518,16
DA:521,0
DA:523,0
DA:524,0
DA:548,15
DA:552,8
DA:553,1
DA:556,15
DA:561,2
DA:563,5
DA:564,3
DA:565,10
DA:567,2
DA:568,2
DA:574,2
DA:576,5
DA:577,1
DA:578,10
DA:580,1
DA:581,1
DA:584,14
DA:585,14
DA:588,24
DA:591,14
DA:593,14
DA:596,14
DA:598,14
DA:600,28
DA:601,28
DA:604,14
DA:606,14
DA:608,14
DA:609,14
DA:610,14
DA:611,28
DA:612,28
DA:615,14
DA:617,14
DA:619,14
DA:620,14
DA:621,14
DA:622,28
DA:623,28
DA:626,14
DA:628,14
DA:629,14
DA:630,14
DA:631,39
DA:632,13
DA:633,39
DA:635,14
DA:636,3
DA:637,1
DA:638,3
DA:640,28
DA:641,42
DA:643,1
DA:647,0
DA:649,0
DA:650,0
DA:651,0
DA:667,8
DA:669,8
DA:671,8
DA:673,8
DA:675,8
DA:676,16
DA:677,8
DA:678,16
DA:681,8
DA:683,8
DA:685,8
DA:686,16
DA:687,8
DA:688,16
DA:691,8
DA:693,8
DA:696,8
DA:698,8
DA:699,8
DA:700,8
DA:701,21
DA:702,7
DA:703,7
DA:705,16
DA:706,24
DA:708,1
DA:714,501
DA:729,40
DA:733,0
DA:734,80
DA:735,0
DA:738,40
DA:739,40
DA:741,40
DA:742,178
DA:756,4
DA:758,26
DA:759,0
DA:760,52
DA:761,52
DA:763,15
DA:764,30
DA:765,15
DA:766,45
DA:767,30
DA:768,8
DA:769,15
DA:770,45
DA:771,12
DA:779,40
DA:781,21
DA:782,42
DA:784,2
DA:785,2
DA:788,37
DA:790,37
DA:791,74
DA:793,21
DA:796,60
DA:798,26
DA:799,52
DA:802,13
DA:803,52
DA:807,30
DA:809,110
DA:810,44
DA:813,0
DA:815,0
DA:816,0
DA:817,0
DA:829,159
DA:833,0
DA:834,0
DA:836,159
DA:837,159
DA:842,159
DA:843,317
DA:853,8
DA:855,159
DA:856,0
DA:857,318
DA:859,244
DA:860,255
DA:861,159
DA:862,159
DA:863,255
DA:864,159
DA:872,98
DA:874,94
DA:875,188
DA:877,0
DA:878,0
DA:881,159
DA:883,159
DA:884,477
DA:885,159
DA:888,157
DA:890,471
DA:891,157
DA:894,159
DA:895,159
DA:896,795
DA:897,318
DA:898,159
DA:899,795
DA:900,285
DA:901,51
DA:902,159
DA:903,477
DA:904,60
DA:908,158
DA:910,158
DA:911,316
DA:913,50
DA:916,316
DA:918,157
DA:919,314
DA:922,51
DA:923,204
DA:927,157
DA:929,520
DA:930,314
DA:933,0
DA:935,0
DA:936,0
DA:937,0
DA:954,3
DA:958,0
DA:959,0
DA:962,3
DA:964,2
DA:965,2
DA:973,2
DA:975,1
DA:976,0
DA:977,2
DA:979,1
DA:980,1
DA:987,2
DA:989,1
DA:990,0
DA:991,2
DA:993,1
DA:994,1
DA:997,3
DA:998,3
DA:1000,2
DA:1002,2
DA:1003,2
DA:1004,4
DA:1005,2
DA:1006,8
DA:1007,6
DA:1008,4
DA:1009,4
DA:1011,0
DA:1024,12
DA:1025,0
DA:1027,12
DA:1029,12
DA:1030,12
DA:1037,0
DA:1039,9
DA:1040,0
DA:1041,18
DA:1043,9
DA:1044,9
DA:1047,12
DA:1048,12
DA:1050,12
DA:1052,12
DA:1053,12
DA:1054,24
DA:1055,36
DA:1056,24
DA:1058,0
DA:1090,66
DA:1106,42
DA:1125,1
DA:1126,2
DA:1139,64
DA:1142,0
DA:1154,65
DA:1156,260
DA:1159,44
DA:1161,88
DA:1164,132
DA:1165,129
DA:1170,149
DA:1174,0
DA:1177,149
DA:1180,8
DA:1182,85
DA:1183,170
DA:1185,45
DA:1186,45
DA:1187,0
DA:1189,132
DA:1190,44
DA:1191,11
DA:1193,45
DA:1194,46
DA:1195,46
DA:1199,149
DA:1201,149
DA:1202,223
DA:1205,148
DA:1207,222
DA:1208,148
DA:1211,12
DA:1212,12
DA:1213,12
DA:1214,12
DA:1220,298
DA:1221,112
DA:1222,224
DA:1223,5
DA:1224,5
DA:1229,149
DA:1231,206
DA:1232,149
DA:1233,298
DA:1234,149
DA:1237,149
DA:1238,577
DA:1241,136
DA:1243,450
DA:1248,2
DA:1250,2
DA:1251,4
DA:1252,4
DA:1255,2
DA:1256,2
DA:1259,2
DA:1260,2
DA:1261,4
DA:1271,2
DA:1273,2
DA:1289,54
DA:1293,0
DA:1294,54
DA:1295,54
DA:1297,53
DA:1298,106
DA:1300,24
DA:1302,24
DA:1303,1
DA:1304,1
DA:1305,2
DA:1308,24
DA:1311,54
DA:1313,54
DA:1314,54
DA:1315,324
DA:1317,1
DA:1321,1
DA:1323,1
DA:1324,1
DA:1325,1
DA:1326,5
DA:1327,14
DA:1330,1
DA:1348,8
DA:1353,0
DA:1354,8
DA:1356,8
DA:1357,8
DA:1366,0
DA:1368,5
DA:1369,0
DA:1370,10
DA:1372,1
DA:1373,1
DA:1376,7
DA:1377,28
DA:1379,4
DA:1381,4
DA:1382,0
DA:1383,0
DA:1384,0
DA:1387,4
DA:1390,8
DA:1392,8
DA:1393,8
DA:1394,64
DA:1396,1
DA:1400,1
DA:1402,1
DA:1403,1
DA:1404,1
DA:1405,5
DA:1406,13
DA:1409,1
DA:1425,2
DA:1429,0
DA:1430,2
DA:1431,2
DA:1436,2
DA:1437,4
DA:1438,2
DA:1439,8
DA:1441,2
DA:1444,1
DA:1445,2
DA:1447,1
DA:1449,1
DA:1450,1
DA:1451,2
DA:1453,7
DA:1454,6
DA:1456,2
DA:1458,1
DA:1461,2
DA:1463,2
DA:1464,2
DA:1465,16
DA:1467,1
DA:1471,0
DA:1473,0
DA:1474,0
DA:1475,0
DA:1476,0
DA:1477,0
DA:1480,0
DA:1504,4
DA:1508,0
DA:1509,4
DA:1510,4
DA:1512,0
DA:1513,0
DA:1515,2
DA:1517,2
DA:1518,2
DA:1519,2
DA:1520,4
DA:1523,2
DA:1526,4
DA:1528,4
DA:1529,4
DA:1530,32
DA:1532,1
DA:1536,0
DA:1538,0
DA:1539,0
DA:1540,0
DA:1541,0
DA:1542,0
DA:1545,0
DA:1556,134
DA:1563,134
DA:1564,0
DA:1565,0
DA:1566,0
DA:1570,134
DA:1578,268
DA:1580,98
DA:1581,98
DA:1582,196
DA:1584,18
DA:1585,18
DA:1586,36
DA:1587,0
DA:1588,18
DA:1592,268
DA:1594,97
DA:1595,0
DA:1596,194
DA:1598,2
DA:1599,2
DA:1603,268
DA:1605,97
DA:1606,0
DA:1607,194
DA:1609,10
DA:1610,10
DA:1613,134
DA:1616,134
DA:1618,134
DA:1619,268
DA:1622,1
DA:1624,1
DA:1625,3
DA:1626,3
DA:1627,3
DA:1643,129
DA:1651,0
DA:1652,0
DA:1653,129
DA:1654,0
DA:1655,0
DA:1658,129
DA:1666,129
DA:1667,129
DA:1673,170
DA:1675,84
DA:1676,0
DA:1677,168
DA:1679,0
DA:1680,0
DA:1691,258
DA:1693,84
DA:1694,168
DA:1696,0
DA:1697,0
DA:1700,129
DA:1702,129
DA:1703,129
DA:1704,129
DA:1705,129
DA:1706,516
DA:1707,0
DA:1708,0
DA:1709,0
DA:1714,86
DA:1716,86
DA:1717,0
DA:1718,0
DA:1719,0
DA:1722,86
DA:1725,129
DA:1727,129
DA:1728,129
DA:1729,258
DA:1730,129
DA:1731,258
DA:1733,129
DA:1735,254
DA:1736,76
DA:1738,38
DA:1739,76
DA:1740,38
DA:1741,114
DA:1747,129
DA:1748,258
DA:1749,129
DA:1750,129
DA:1751,258
DA:1752,136
DA:1753,258
DA:1754,258
DA:1755,258
DA:1756,129
DA:1757,387
DA:1759,129
DA:1761,2
DA:1765,0
DA:1767,0
DA:1768,0
DA:1769,0
DA:1788,67
DA:1795,0
DA:1796,67
DA:1797,0
DA:1798,0
DA:1799,67
DA:1808,65
DA:1809,65
DA:1811,0
DA:1812,0
DA:1814,36
DA:1816,36
DA:1817,36
DA:1818,36
DA:1819,72
DA:1822,35
DA:1825,65
DA:1827,65
DA:1828,65
DA:1829,130
DA:1830,130
DA:1832,65
DA:1834,124
DA:1835,114
DA:1837,57
DA:1838,114
DA:1839,57
DA:1840,171
DA:1846,65
DA:1847,130
DA:1848,65
DA:1849,65
DA:1850,130
DA:1851,68
DA:1852,130
DA:1853,130
DA:1854,130
DA:1855,65
DA:1856,195
DA:1858,65
DA:1860,3
DA:1864,1
DA:1866,1
DA:1867,3
DA:1872,575
DA:1874,575
DA:1877,575
DA:1889,155
DA:1894,0
DA:1895,0
DA:1896,0
DA:1900,155
DA:1907,300
DA:1909,84
DA:1910,0
DA:1911,168
DA:1913,98
DA:1914,50
DA:1915,50
DA:1916,50
DA:1920,300
DA:1922,84
DA:1923,0
DA:1924,168
DA:1926,0
DA:1927,0
DA:1936,302
DA:1938,84
DA:1939,0
DA:1940,168
DA:1942,4
DA:1943,4
DA:1946,154
DA:1948,303
DA:1949,154
DA:1950,154
DA:1956,154
DA:1959,43
DA:1961,215
DA:1964,150
DA:1966,300
DA:1967,300
DA:1968,600
DA:1969,450
DA:1970,300
DA:1972,150
DA:1973,300
DA:1975,150
DA:1976,450
DA:1977,150
DA:1978,450
DA:1979,0
DA:1980,0
DA:1982,0
DA:1985,0
DA:1987,0
DA:1991,150
DA:1992,300
DA:1993,3
DA:1995,150
DA:1996,300
DA:1997,9
DA:1998,6
DA:1999,1
DA:2003,3
DA:2005,3
DA:2006,9
DA:2007,9
DA:2016,105
DA:2023,0
DA:2024,105
DA:2025,105
DA:2026,105
DA:2027,105
DA:2028,105
DA:2036,0
DA:2038,105
DA:2039,210
DA:2041,1
DA:2042,1
DA:2043,1
DA:2057,206
DA:2059,105
DA:2060,210
DA:2062,99
DA:2063,99
DA:2064,99
DA:2071,194
DA:2073,105
DA:2074,210
DA:2076,95
DA:2077,95
DA:2078,95
DA:2093,105
DA:2094,0
DA:2095,210
DA:2097,210
DA:2098,105
DA:2099,105
DA:2103,0
DA:2104,0
DA:2105,0
DA:2106,0
DA:2110,0
DA:2111,0
DA:2112,0
DA:2113,0
DA:2117,0
DA:2118,0
DA:2119,0
DA:2120,0
DA:2124,0
DA:2125,0
DA:2126,0
DA:2127,0
DA:2131,0
DA:2132,0
DA:2133,0
DA:2134,0
DA:2138,0
DA:2139,0
DA:2140,0
DA:2141,0
DA:2144,103
DA:2145,297
DA:2146,103
DA:2147,14
DA:2148,97
DA:2149,97
DA:2150,5
DA:2153,194
DA:2154,291
DA:2156,194
DA:2158,485
DA:2159,97
DA:2160,7
DA:2164,19
DA:2170,19
DA:2173,19
DA:2175,38
DA:2176,19
DA:2177,38
DA:2179,19
DA:2180,19
DA:2185,102
DA:2187,102
DA:2188,102
DA:2189,102
DA:2191,388
DA:2193,58
DA:2194,29
DA:2199,36
DA:2201,72
DA:2204,0
DA:2206,0
DA:2207,0
DA:2208,0
DA:2209,0
DA:2210,0
DA:2211,0
DA:2220,4
DA:2225,0
DA:2226,0
DA:2230,4
DA:2234,3
DA:2235,3
DA:2237,12
DA:2240,1
DA:2241,1
DA:2242,1
DA:2246,0
DA:2248,2
DA:2249,0
DA:2250,4
DA:2252,1
DA:2253,1
DA:2254,1
DA:2265,6
DA:2267,2
DA:2268,0
DA:2269,4
DA:2271,1
DA:2272,1
DA:2273,1
DA:2280,6
DA:2282,2
DA:2283,4
DA:2285,1
DA:2286,1
DA:2287,1
DA:2292,4
DA:2294,4
DA:2295,8
DA:2296,20
DA:2297,4
DA:2299,3
DA:2306,4
DA:2307,4
DA:2308,4
DA:2311,3
DA:2312,3
DA:2315,3
DA:2316,0
DA:2317,0
DA:2319,3
DA:2320,6
DA:2321,9
DA:2322,15
DA:2323,15
DA:2324,12
DA:2325,15
DA:2326,21
DA:2327,6
DA:2328,12
DA:2329,3
DA:2330,15
DA:2331,15
DA:2335,3
DA:2336,6
DA:2338,9
DA:2339,7
DA:2341,4
DA:2345,4
DA:2347,20
DA:2349,3
DA:2350,3
DA:2351,3
DA:2352,12
DA:2353,6
DA:2355,6
DA:2359,3
DA:2361,18
DA:2363,2
DA:2364,2
DA:2365,2
DA:2367,2
DA:2368,2
DA:2373,4
DA:2375,16
DA:2376,2
DA:2378,2
DA:2379,4
DA:2383,0
DA:2385,0
DA:2386,0
DA:2387,0
DA:2388,0
DA:2405,164
DA:2409,0
DA:2411,164
DA:2417,328
DA:2419,95
DA:2420,0
DA:2421,190
DA:2423,31
DA:2424,31
DA:2427,103
DA:2433,103
DA:2444,103
DA:2446,103
DA:2447,103
DA:2448,103
DA:2449,1133
DA:2452,103
DA:2453,103
DA:2458,164
DA:2460,164
DA:2461,164
DA:2462,328
DA:2463,1148
DA:2464,1148
DA:2469,163
DA:2471,163
DA:2472,815
DA:2473,815
DA:2477,0
DA:2479,0
DA:2480,0
DA:2481,0
DA:2526,266
DA:2534,266
DA:2555,61
DA:2557,183
DA:2560,177
DA:2562,177
DA:2563,354
DA:2564,177
DA:2565,173
DA:2566,1
DA:2567,269
DA:2568,93
DA:2569,215
DA:2570,0
DA:2571,262
DA:2572,2
DA:2575,3
DA:2577,3
DA:2578,6
DA:2580,3
DA:2581,3
DA:2582,3
DA:2583,3
DA:2584,3
DA:2585,3
DA:2612,102
DA:2618,0
DA:2623,102
DA:2624,204
DA:2625,102
DA:2626,102
DA:2627,102
DA:2649,4
DA:2650,75
DA:2651,150
DA:2652,25
DA:2653,25
DA:2657,16
DA:2658,16
DA:2659,16
DA:2664,4
DA:2665,75
DA:2666,150
DA:2667,1
DA:2668,1
DA:2672,16
DA:2673,16
DA:2674,2
DA:2678,4
DA:2679,75
DA:2680,150
DA:2681,24
DA:2682,24
DA:2686,16
DA:2687,16
DA:2688,14
DA:2698,2
DA:2699,2
DA:2701,102
DA:2702,102
DA:2704,102
DA:2705,39
DA:2706,38
DA:2708,291
DA:2709,102
DA:2710,16
DA:2711,16
DA:2713,64
DA:2715,36
DA:2717,16
DA:2721,102
DA:2723,102
DA:2725,408
DA:2726,102
DA:2737,17
DA:2738,17
DA:2739,8
DA:2750,102
DA:2751,102
DA:2752,44
DA:2755,102
DA:2757,408
DA:2758,102
DA:2763,102
DA:2764,193
DA:2766,102
DA:2768,102
DA:2770,16
DA:2771,16
DA:2772,16
DA:2774,16
DA:2776,16
DA:2778,100
DA:2782,2
DA:2784,6
DA:2787,2
DA:2789,2
DA:2790,4
DA:2792,2
DA:2793,2
DA:2794,2
DA:2795,2
DA:2799,6
DA:2830,502
DA:2832,251
DA:2894,1
DA:2895,1
DA:2896,1
DA:2897,3
DA:2912,10
DA:2928,10
DA:2935,0
DA:2936,0
DA:2937,0
DA:2938,0
DA:2940,0
DA:2943,250
DA:2945,250
DA:2947,500
DA:2949,384
DA:2951,250
DA:2954,5
DA:2956,5
DA:2958,5
DA:2960,20
DA:2961,0
DA:2963,25
DA:2965,20
DA:2967,0
DA:2969,0
DA:2971,0
DA:2973,0
DA:2975,0
DA:2980,25
DA:2981,10
DA:2984,5
DA:2986,0
DA:3010,236
DA:3016,236
DA:3017,236
DA:3024,414
DA:3026,182
DA:3027,0
DA:3028,364
DA:3030,118
DA:3031,118
DA:3032,39
DA:3040,470
DA:3042,147
DA:3043,294
DA:3045,1
DA:3046,1
DA:3047,2
DA:3048,1
DA:3051,639
DA:3053,144
DA:3055,286
DA:3061,235
DA:3063,470
DA:3064,470
DA:3067,2
DA:3069,2
DA:3070,6
DA:3071,2
DA:3072,2
DA:3074,2
DA:3075,2
DA:3086,170
DA:3089,0
DA:3091,170
DA:3100,340
DA:3102,102
DA:3103,0
DA:3104,204
DA:3106,31
DA:3107,31
DA:3110,168
DA:3112,168
DA:3114,168
DA:3117,168
DA:3119,168
DA:3121,168
DA:3124,168
DA:3126,168
DA:3128,168
DA:3131,168
DA:3133,168
DA:3135,168
DA:3138,0
DA:3140,0
DA:3142,0
DA:3145,170
DA:3146,170
DA:3148,33
DA:3150,33
DA:3151,99
DA:3154,170
DA:3156,170
DA:3157,99
DA:3159,169
DA:3163,103
DA:3165,206
DA:3168,170
DA:3170,170
DA:3172,169
DA:3175,168
DA:3177,168
DA:3179,168
DA:3182,0
DA:3184,0
DA:3185,0
DA:3188,0
DA:3190,0
DA:3191,0
DA:3192,0
DA:3193,0
DA:3195,0
DA:3217,169
DA:3221,0
DA:3224,169
DA:3231,336
DA:3233,102
DA:3234,204
DA:3236,50
DA:3237,50
DA:3238,50
DA:3246,336
DA:3248,102
DA:3249,204
DA:3251,0
DA:3252,0
DA:3253,0
DA:3254,0
DA:3257,504
DA:3259,103
DA:3261,103
DA:3262,6
DA:3263,102
DA:3266,168
DA:3268,336
DA:3269,336
DA:3272,0
DA:3274,0
DA:3275,0
DA:3276,0
DA:3277,0
DA:3279,0
DA:3280,0
DA:3296,2
DA:3300,2
DA:3305,0
DA:3307,0
DA:3308,0
DA:3318,264
DA:3325,0
DA:3330,264
DA:3345,522
DA:3347,136
DA:3348,272
DA:3350,136
DA:3351,136
DA:3355,528
DA:3357,263
DA:3358,526
DA:3360,205
DA:3361,205
DA:3362,205
DA:3363,205
DA:3367,528
DA:3369,218
DA:3370,436
DA:3372,8
DA:3373,8
DA:3374,8
DA:3375,8
DA:3379,528
DA:3381,218
DA:3382,436
DA:3384,38
DA:3385,38
DA:3386,38
DA:3387,38
DA:3391,528
DA:3393,218
DA:3394,436
DA:3396,127
DA:3397,127
DA:3398,127
DA:3399,127
DA:3409,264
DA:3411,264
DA:3413,470
DA:3414,412
DA:3415,272
DA:3416,16
DA:3417,264
DA:3418,39
DA:3419,72
DA:3420,39
DA:3421,76
DA:3423,264
DA:3424,127
DA:3425,212
DA:3426,127
DA:3427,192
DA:3431,261
DA:3432,509
DA:3435,1
DA:3436,1
DA:3437,5
DA:3438,2
DA:3439,1
DA:3440,3
DA:3445,1
DA:3446,1
DA:3447,4
DA:3448,2
DA:3449,1
DA:3450,3
DA:3455,2
DA:3456,2
DA:3457,10
DA:3458,4
DA:3459,2
DA:3460,6
DA:3465,2
DA:3466,2
DA:3467,8
DA:3468,4
DA:3469,2
DA:3470,6
DA:3475,2
DA:3477,2
DA:3479,2
DA:3480,2
DA:3481,2
DA:3482,2
DA:3484,2
DA:3485,0
DA:3486,4
DA:3497,274
DA:3551,0
DA:3604,274
DA:3613,548
DA:3615,198
DA:3616,0
DA:3617,396
DA:3619,1
DA:3620,1
DA:3635,548
DA:3637,198
DA:3638,0
DA:3639,396
DA:3641,1
DA:3642,1
DA:3651,544
DA:3653,198
DA:3654,0
DA:3655,396
DA:3657,0
DA:3658,0
DA:3663,548
DA:3665,198
DA:3666,396
DA:3668,3
DA:3669,3
DA:3674,548
DA:3676,198
DA:3677,396
DA:3679,13
DA:3680,13
DA:3685,548
DA:3687,198
DA:3688,396
DA:3690,9
DA:3691,9
DA:3695,548
DA:3697,198
DA:3698,396
DA:3700,0
DA:3701,0
DA:3705,548
DA:3707,198
DA:3708,396
DA:3710,0
DA:3711,0
DA:3715,548
DA:3717,198
DA:3718,396
DA:3720,0
DA:3721,0
DA:3725,548
DA:3727,198
DA:3728,396
DA:3730,0
DA:3731,0
DA:3735,548
DA:3737,198
DA:3738,396
DA:3740,0
DA:3741,0
DA:3745,548
DA:3747,198
DA:3748,396
DA:3750,13
DA:3751,13
DA:3755,548
DA:3757,198
DA:3758,396
DA:3760,21
DA:3761,21
DA:3766,548
DA:3768,198
DA:3769,396
DA:3771,0
DA:3772,0
DA:3777,548
DA:3779,198
DA:3780,396
DA:3782,0
DA:3783,0
DA:3788,548
DA:3790,198
DA:3791,396
DA:3793,0
DA:3794,0
DA:3798,548
DA:3800,198
DA:3801,396
DA:3803,0
DA:3804,0
DA:3808,548
DA:3810,198
DA:3811,396
DA:3813,0
DA:3814,0
DA:3819,548
DA:3821,198
DA:3822,396
DA:3824,0
DA:3825,0
DA:3830,548
DA:3832,198
DA:3833,396
DA:3835,0
DA:3840,548
DA:3842,198
DA:3843,396
DA:3845,2
DA:3846,2
DA:3851,548
DA:3853,198
DA:3854,396
DA:3856,1
DA:3857,1
DA:3862,548
DA:3864,198
DA:3865,396
DA:3867,6
DA:3868,6
DA:3873,548
DA:3875,198
DA:3876,396
DA:3878,0
DA:3879,0
DA:3885,548
DA:3887,199
DA:3888,398
DA:3890,17
DA:3891,17
DA:3897,548
DA:3899,198
DA:3900,396
DA:3902,3
DA:3903,3
DA:3910,548
DA:3912,198
DA:3913,396
DA:3915,1
DA:3916,1
DA:3923,548
DA:3925,198
DA:3926,396
DA:3928,1
DA:3929,1
DA:3935,548
DA:3937,198
DA:3938,396
DA:3940,1
DA:3941,1
DA:3945,548
DA:3947,198
DA:3948,396
DA:3950,3
DA:3951,3
DA:3958,548
DA:3960,199
DA:3961,398
DA:3963,10
DA:3964,10
DA:3972,548
DA:3974,198
DA:3975,396
DA:3977,1
DA:3978,1
DA:3989,548
DA:3991,198
DA:3992,396
DA:3994,18
DA:3995,18
DA:3996,18
DA:3997,18
DA:4007,548
DA:4009,198
DA:4010,396
DA:4012,1
DA:4013,1
DA:4014,1
DA:4015,1
DA:4026,548
DA:4028,198
DA:4029,396
DA:4031,2
DA:4032,2
DA:4033,2
DA:4034,1
DA:4048,548
DA:4050,198
DA:4051,396
DA:4053,0
DA:4054,0
DA:4055,0
DA:4056,0
DA:4070,548
DA:4072,198
DA:4073,396
DA:4075,0
DA:4076,0
DA:4077,0
DA:4078,0
DA:4092,548
DA:4094,198
DA:4095,396
DA:4097,0
DA:4098,0
DA:4099,0
DA:4100,0
DA:4114,548
DA:4116,198
DA:4117,396
DA:4119,0
DA:4120,0
DA:4121,0
DA:4122,0
DA:4133,548
DA:4135,198
DA:4136,396
DA:4138,1
DA:4139,1
DA:4140,1
DA:4141,0
DA:4152,548
DA:4154,198
DA:4155,396
DA:4157,1
DA:4158,1
DA:4159,1
DA:4160,0
DA:4169,548
DA:4171,198
DA:4172,396
DA:4174,4
DA:4175,4
DA:4176,4
DA:4177,4
DA:4187,548
DA:4189,198
DA:4190,396
DA:4192,3
DA:4193,3
DA:4194,3
DA:4195,3
DA:4204,548
DA:4206,198
DA:4207,396
DA:4209,15
DA:4210,15
DA:4211,15
DA:4212,15
DA:4222,548
DA:4224,198
DA:4225,396
DA:4227,0
DA:4228,0
DA:4229,0
DA:4230,0
DA:4240,548
DA:4242,198
DA:4243,396
DA:4245,0
DA:4246,0
DA:4247,0
DA:4248,0
DA:4258,548
DA:4260,198
DA:4261,396
DA:4263,0
DA:4264,0
DA:4265,0
DA:4266,0
DA:4276,548
DA:4278,198
DA:4279,396
DA:4281,0
DA:4282,0
DA:4283,0
DA:4284,0
DA:4294,548
DA:4296,198
DA:4297,396
DA:4299,0
DA:4300,0
DA:4301,0
DA:4302,0
DA:4322,548
DA:4324,198
DA:4325,396
DA:4327,0
DA:4328,0
DA:4329,0
DA:4330,0
DA:4350,548
DA:4352,198
DA:4353,396
DA:4355,0
DA:4356,0
DA:4357,0
DA:4358,0
DA:4370,548
DA:4372,198
DA:4373,396
DA:4375,1
DA:4376,1
DA:4379,272
DA:4381,272
DA:4383,272
DA:4386,274
DA:4388,274
DA:4389,548
DA:4390,548
DA:4391,1424
DA:4393,550
DA:4396,274
DA:4397,160
DA:4398,274
DA:4399,12
DA:4400,274
DA:4401,2
DA:4402,274
DA:4403,82
DA:4404,274
DA:4405,162
DA:4406,274
DA:4407,2
DA:4408,274
DA:4409,48
DA:4410,274
DA:4411,2
DA:4412,274
DA:4413,2
DA:4414,274
DA:4415,366
DA:4416,274
DA:4417,366
DA:4418,274
DA:4419,6
DA:4420,274
DA:4421,2
DA:4422,274
DA:4423,2
DA:4424,274
DA:4425,2
DA:4426,274
DA:4427,14
DA:4428,274
DA:4429,166
DA:4430,274
DA:4431,12
DA:4432,274
DA:4433,8
DA:4434,274
DA:4435,8
DA:4436,274
DA:4437,18
DA:4438,280
DA:4439,6
DA:4440,274
DA:4441,328
DA:4442,274
DA:4443,70
DA:4444,274
DA:4445,16
DA:4446,274
DA:4447,6
DA:4449,274
DA:4450,36
DA:4452,274
DA:4453,398
DA:4454,274
DA:4455,4
DA:4459,274
DA:4460,56
DA:4461,274
DA:4462,6
DA:4463,274
DA:4464,16
DA:4465,274
DA:4466,2
DA:4467,274
DA:4468,2
DA:4469,274
DA:4470,2
DA:4471,274
DA:4472,2
DA:4473,274
DA:4474,6
DA:4475,274
DA:4476,8
DA:4477,274
DA:4478,10
DA:4479,274
DA:4480,8
DA:4481,274
DA:4482,32
DA:4483,274
DA:4484,2
DA:4485,274
DA:4486,2
DA:4487,274
DA:4488,0
DA:4489,274
DA:4490,0
DA:4491,274
DA:4492,2
DA:4493,274
DA:4494,2
DA:4495,274
DA:4496,2
DA:4497,274
DA:4498,4
DA:4501,3
DA:4502,3
DA:4503,3
DA:4506,1
DA:4507,1
DA:4508,1
DA:4511,1
DA:4512,1
DA:4513,1
DA:4516,1
DA:4517,1
DA:4518,1
DA:4521,1
DA:4522,1
DA:4523,1
DA:4526,1
DA:4527,1
DA:4528,1
DA:4531,1
DA:4532,1
DA:4533,1
DA:4536,2
DA:4537,2
DA:4538,2
DA:4541,2
DA:4542,2
DA:4543,2
DA:4546,2
DA:4547,2
DA:4548,2
DA:4551,2
DA:4552,2
DA:4553,2
DA:4556,2
DA:4557,2
DA:4558,2
DA:4561,1
DA:4562,1
DA:4563,1
DA:4566,1
DA:4567,1
DA:4568,1
DA:4571,0
DA:4572,0
DA:4573,0
DA:4576,0
DA:4577,0
DA:4578,0
DA:4581,1
DA:4582,1
DA:4583,1
DA:4586,1
DA:4587,1
DA:4588,1
DA:4591,1
DA:4592,1
DA:4593,1
DA:4605,170
DA:4609,170
DA:4613,340
DA:4615,108
DA:4616,0
DA:4617,216
DA:4619,1
DA:4620,1
DA:4623,170
DA:4625,170
DA:4626,340
DA:4629,0
DA:4631,0
DA:4632,0
DA:4645,48
DA:4647,24
DA:4649,24
DA:4651,24
DA:4652,24
DA:4665,174
DA:4669,174
DA:4670,174
DA:4674,346
DA:4676,118
DA:4677,0
DA:4678,236
DA:4680,4
DA:4681,4
DA:4684,173
DA:4686,173
DA:4688,5
DA:4691,0
DA:4693,0
DA:4694,0
DA:4710,102
DA:4713,0
DA:4715,102
DA:4718,204
DA:4720,43
DA:4721,86
DA:4723,9
DA:4724,9
DA:4727,102
DA:4729,102
DA:4730,102
DA:4731,204
DA:4734,1
DA:4736,1
DA:4737,3
DA:4751,29
DA:4754,0
DA:4755,29
DA:4756,29
DA:4764,58
DA:4766,29
DA:4767,0
DA:4768,58
DA:4770,29
DA:4771,29
DA:4774,29
DA:4777,29
DA:4779,29
DA:4780,87
DA:4782,19
DA:4784,38
DA:4785,19
DA:4787,58
DA:4788,29
DA:4791,0
DA:4793,0
DA:4794,0
DA:4815,12
DA:4820,0
DA:4821,0
DA:4822,0
DA:4823,12
DA:4824,12
DA:4825,12
DA:4826,12
DA:4831,24
DA:4833,12
DA:4834,0
DA:4835,24
DA:4837,12
DA:4838,12
DA:4850,24
DA:4852,12
DA:4853,0
DA:4854,24
DA:4856,12
DA:4857,12
DA:4862,24
DA:4864,12
DA:4865,0
DA:4866,24
DA:4868,12
DA:4869,12
DA:4872,12
DA:4874,12
DA:4875,12
DA:4878,12
DA:4882,12
DA:4883,12
DA:4891,11
DA:4892,29
DA:4895,7
DA:4901,7
DA:4904,7
DA:4906,7
DA:4907,7
DA:4909,7
DA:4910,7
DA:4915,12
DA:4917,12
DA:4918,12
DA:4919,24
DA:4920,12
DA:4921,12
DA:4922,12
DA:4926,9
DA:4927,18
DA:4928,18
DA:4929,18
DA:4930,9
DA:4932,12
DA:4933,12
DA:4946,11
DA:4948,22
DA:4951,0
DA:4953,0
DA:4954,0
DA:4955,0
DA:4956,0
DA:4957,0
DA:4976,31
DA:4980,0
DA:4981,0
DA:4984,31
DA:4987,62
DA:4989,21
DA:4990,42
DA:4992,0
DA:4993,0
DA:4997,62
DA:4999,21
DA:5000,42
DA:5002,0
DA:5003,0
DA:5009,31
DA:5012,31
DA:5013,31
DA:5014,62
DA:5015,31
DA:5017,31
LF:1988
LH:1659
end_of_record
SF:lib/src/scheduler/ticker.dart
DA:33,0
DA:62,270
DA:63,270
DA:64,540
DA:66,270
DA:75,534
DA:87,259
DA:88,518
DA:90,27
DA:92,27
DA:93,21
DA:94,4
DA:108,190
DA:109,190
DA:111,190
DA:113,380
DA:115,3
DA:126,496
DA:145,191
DA:146,191
DA:147,191
DA:148,1
DA:151,1
DA:155,191
DA:156,191
DA:157,382
DA:158,191
DA:159,191
DA:161,955
DA:162,660
DA:163,387
DA:164,191
DA:181,244
DA:182,244
DA:188,182
DA:189,182
DA:190,182
DA:191,182
DA:193,182
DA:195,123
DA:197,164
DA:207,191
DA:208,191
DA:219,191
DA:220,573
DA:222,190
DA:223,190
DA:224,190
DA:225,190
DA:227,190
DA:228,570
DA:232,190
DA:233,190
DA:239,191
DA:241,191
DA:242,191
DA:243,764
DA:252,191
DA:254,191
DA:255,489
DA:256,163
DA:258,191
DA:270,1
DA:271,1
DA:272,1
DA:273,1
DA:274,1
DA:275,3
DA:276,1
DA:277,0
DA:278,0
DA:279,0
DA:280,0
DA:281,0
DA:282,0
DA:284,1
DA:289,261
DA:291,261
DA:292,142
DA:293,142
DA:294,142
DA:295,142
DA:296,142
DA:298,261
DA:302,261
DA:304,261
DA:313,1
DA:315,1
DA:316,3
DA:317,1
DA:318,2
DA:320,1
DA:321,1
DA:322,1
DA:324,1
DA:325,3
DA:326,7
DA:329,1
DA:330,1
DA:351,191
DA:360,187
DA:361,187
DA:368,228
DA:369,228
DA:370,228
DA:371,456
DA:372,238
DA:375,165
DA:376,165
DA:377,165
DA:378,175
DA:387,9
DA:388,9
DA:389,9
DA:391,18
DA:402,10
DA:403,10
DA:404,20
DA:405,10
DA:406,1
DA:407,2
DA:409,2
DA:413,20
DA:416,1
DA:418,3
DA:421,1
DA:423,3
DA:426,171
DA:428,513
DA:431,1
DA:433,3
DA:436,59
DA:438,177
DA:441,0
DA:442,0
DA:449,5
DA:457,0
DA:459,0
DA:460,0
LF:139
LH:127
end_of_record
SF:lib/src/gestures/hit_test.dart
DA:16,0
DA:29,0
DA:39,0
DA:51,190
DA:56,1
DA:57,3
DA:67,376
DA:74,190
DA:75,190
DA:76,190
DA:84,186
DA:85,186
DA:86,186
DA:93,378
DA:103,189
DA:104,189
DA:105,913
DA:106,378
DA:133,179
DA:135,0
DA:137,537
DA:138,537
DA:145,1193
DA:161,178
DA:163,356
DA:164,356
DA:167,179
DA:169,179
DA:170,179
DA:171,895
DA:173,179
DA:177,1
DA:178,5
LF:33
LH:29
end_of_record
SF:lib/src/animation/animation.dart
DA:14,575
DA:16,575
DA:19,575
DA:22,575
DA:25,575
DA:53,270
DA:93,144
DA:96,72
DA:167,241
DA:169,241
DA:170,241
DA:173,22
DA:175,66
DA:192,22
DA:193,22
DA:195,22
DA:196,22
DA:199,9
DA:202,9
DA:205,5
DA:209,0
DA:210,22
LF:22
LH:21
end_of_record
SF:lib/src/animation/animation_controller.dart
DA:25,575
DA:27,575
DA:30,575
DA:33,24
DA:55,575
DA:58,575
DA:65,575
DA:231,269
DA:240,0
DA:241,0
DA:242,269
DA:243,0
DA:245,807
DA:246,538
DA:265,61
DA:272,0
DA:273,0
DA:277,183
DA:278,61
DA:302,172
DA:319,1
DA:320,1
DA:321,3
DA:322,2
DA:335,268
DA:336,268
DA:358,218
DA:359,0
DA:360,218
DA:361,218
DA:362,218
DA:363,218
DA:380,2
DA:381,4
DA:388,41
DA:389,41
DA:391,156
DA:394,270
DA:395,1080
DA:396,810
DA:397,269
DA:398,639
DA:399,183
DA:401,252
DA:411,52
DA:420,764
DA:424,270
DA:425,270
DA:439,224
DA:440,224
DA:441,224
DA:442,1
DA:449,224
DA:451,224
DA:455,224
DA:457,48
DA:458,448
DA:472,111
DA:473,111
DA:474,112
DA:475,1
DA:482,111
DA:484,111
DA:488,111
DA:490,2
DA:491,222
DA:506,50
DA:508,50
DA:512,50
DA:513,50
DA:528,6
DA:530,6
DA:534,5
DA:535,5
DA:538,231
DA:540,462
DA:541,1
DA:542,1
DA:548,1
DA:554,224
DA:555,450
DA:556,1
DA:564,224
DA:565,672
DA:566,1120
DA:568,559
DA:569,5
DA:570,224
DA:571,224
DA:572,96
DA:576,231
DA:577,231
DA:578,370
DA:579,4
DA:580,1
DA:582,555
DA:585,185
DA:586,185
DA:588,176
DA:589,176
DA:590,528
DA:610,6
DA:611,6
DA:612,6
DA:613,6
DA:614,6
DA:616,1
DA:624,6
DA:625,6
DA:626,24
DA:627,0
DA:628,6
DA:629,24
DA:632,6
DA:633,6
DA:634,18
DA:637,6
DA:651,8
DA:652,16
DA:653,26
DA:654,21
DA:656,8
DA:657,16
DA:659,1
DA:664,1
DA:668,32
DA:669,8
DA:670,8
DA:671,8
DA:688,47
DA:690,47
DA:694,47
DA:695,47
DA:696,47
DA:699,190
DA:700,0
DA:701,190
DA:702,190
DA:703,190
DA:704,950
DA:705,380
DA:706,570
DA:709,190
DA:730,244
DA:732,244
DA:736,244
DA:737,244
DA:738,488
DA:747,260
DA:749,260
DA:750,260
DA:751,2
DA:752,1
DA:753,3
DA:754,1
DA:755,2
DA:762,260
DA:763,520
DA:764,260
DA:765,260
DA:769,244
DA:770,244
DA:771,488
DA:772,244
DA:773,244
DA:777,189
DA:778,189
DA:779,567
DA:780,189
DA:781,1134
DA:782,378
DA:783,486
DA:786,162
DA:788,189
DA:789,189
DA:792,22
DA:794,22
DA:795,66
DA:796,54
DA:797,88
DA:798,22
DA:803,176
DA:804,0
DA:805,0
DA:806,352
DA:807,528
DA:814,176
DA:816,528
DA:817,176
DA:818,176
DA:819,155
DA:820,155
DA:822,1056
DA:825,6
DA:827,12
DA:828,42
DA:831,175
DA:832,350
DA:838,6
DA:839,12
DA:840,36
DA:841,12
DA:842,12
DA:853,6
DA:855,6
DA:857,12
DA:858,18
DA:859,24
DA:861,6
DA:862,1
DA:863,3
DA:865,6
DA:866,18
DA:870,0
DA:871,0
DA:873,6
LF:216
LH:204
end_of_record
SF:lib/src/animation/animations.dart
DA:17,0
DA:19,30
DA:22,29
DA:25,28
DA:28,28
DA:31,28
DA:34,30
DA:37,2
DA:49,0
DA:51,168
DA:54,152
DA:57,169
DA:60,152
DA:63,67
DA:66,70
DA:69,1
DA:91,0
DA:96,1
DA:99,1
DA:102,0
DA:105,0
DA:108,1
DA:111,1
DA:113,3
DA:138,636
DA:143,282
DA:148,273
DA:153,30
DA:156,138
DA:172,169
DA:173,169
DA:174,169
DA:175,10
DA:176,10
DA:187,64
DA:189,169
DA:190,338
DA:192,31
DA:193,90
DA:194,90
DA:195,30
DA:196,30
DA:198,31
DA:199,31
DA:200,31
DA:201,31
DA:202,124
DA:203,30
DA:204,124
DA:205,93
DA:206,31
DA:207,31
DA:211,169
DA:213,169
DA:214,507
DA:215,507
DA:219,152
DA:221,152
DA:222,456
DA:223,456
DA:227,169
DA:228,506
DA:230,165
DA:231,494
DA:233,2
DA:235,2
DA:236,5
DA:237,6
DA:262,75
DA:263,0
DA:268,75
DA:270,75
DA:271,150
DA:274,11
DA:276,22
DA:277,11
DA:280,75
DA:282,225
DA:285,11
DA:287,33
DA:290,10
DA:291,20
DA:294,16
DA:295,48
DA:297,75
DA:298,225
DA:300,19
DA:301,0
DA:303,19
DA:304,16
DA:305,16
DA:306,6
DA:311,1
DA:313,3
DA:372,255
DA:376,0
DA:377,0
DA:378,765
DA:379,765
DA:411,255
DA:413,255
DA:414,159
DA:415,255
DA:417,135
DA:418,135
DA:420,45
DA:421,45
DA:426,255
DA:427,555
DA:430,255
DA:432,532
DA:434,510
DA:437,401
DA:438,255
DA:439,255
DA:440,510
DA:441,255
DA:442,1
DA:445,1
DA:450,255
DA:453,99
DA:456,2
DA:458,2
DA:459,3
DA:460,2
DA:461,8
DA:462,4
DA:466,1725
DA:494,77
DA:495,0
DA:496,77
DA:497,385
DA:498,0
DA:499,0
DA:500,385
DA:501,75
DA:503,25
DA:504,5
DA:507,231
DA:508,231
DA:509,231
DA:510,77
DA:517,16
DA:530,19
DA:531,19
DA:532,38
DA:533,19
DA:534,19
DA:536,19
DA:539,8
DA:540,16
DA:543,20
DA:544,20
DA:546,20
DA:547,20
DA:548,20
DA:549,20
DA:550,10
DA:552,19
DA:553,95
DA:557,7
DA:558,14
DA:559,14
DA:560,14
DA:561,7
DA:562,21
DA:563,21
DA:566,20
DA:567,40
DA:568,20
DA:569,20
DA:571,20
DA:572,7
DA:573,7
DA:576,77
DA:577,154
DA:581,8
DA:583,8
DA:584,24
DA:585,24
DA:586,8
DA:587,20
DA:588,8
DA:589,8
DA:592,1
DA:594,1
DA:595,4
DA:596,3
DA:614,72
DA:617,0
DA:618,0
DA:627,72
DA:629,216
DA:630,216
DA:631,216
DA:632,216
DA:635,1
DA:637,3
DA:638,3
DA:639,3
DA:640,3
DA:647,13
DA:649,78
DA:650,12
DA:651,26
DA:654,1
DA:656,4
DA:660,13
DA:661,39
DA:662,26
DA:663,26
DA:668,13
DA:669,39
DA:670,26
DA:671,13
DA:685,1
DA:688,1
DA:690,1
DA:691,6
DA:703,2
DA:705,1
DA:706,579
DA:718,144
DA:720,72
DA:721,863
LF:225
LH:211
end_of_record
SF:lib/src/animation/curves.dart
DA:29,90
DA:42,263
DA:43,526
DA:44,487
DA:47,139
DA:52,0
DA:54,0
DA:69,170
DA:71,1
DA:73,2
DA:81,0
DA:83,128
DA:97,0
DA:102,2
DA:104,4
DA:105,4
DA:108,1
DA:110,3
DA:127,17
DA:128,0
DA:129,0
DA:130,0
DA:145,25
DA:147,50
DA:148,50
DA:149,50
DA:150,50
DA:151,75
DA:152,175
DA:153,46
DA:155,38
DA:158,2
DA:160,4
DA:161,5
DA:162,8
DA:173,0
DA:180,6
DA:182,12
DA:183,12
DA:184,12
DA:210,0
DA:211,0
DA:212,0
DA:213,0
DA:214,0
DA:242,90
DA:243,630
DA:244,540
DA:245,180
DA:248,90
DA:253,180
DA:254,270
DA:255,270
DA:256,270
DA:257,89
DA:264,2
DA:266,20
DA:292,85
DA:297,11
DA:298,44
DA:300,1
DA:302,3
DA:314,0
DA:316,28
DA:321,28
DA:322,56
DA:328,1
DA:329,2
DA:330,2
DA:331,2
DA:332,2
DA:333,3
DA:334,2
DA:335,2
DA:336,3
DA:338,2
DA:339,3
DA:346,0
DA:348,1
DA:350,3
DA:358,0
DA:360,1
DA:362,1
DA:370,0
DA:372,1
DA:374,1
DA:375,5
DA:377,5
DA:394,0
DA:399,1
DA:401,2
DA:402,1
DA:403,10
DA:406,1
DA:408,3
DA:422,0
DA:427,1
DA:429,2
DA:430,11
DA:433,2
DA:435,6
DA:450,0
DA:455,1
DA:457,2
DA:458,2
DA:459,1
DA:460,11
DA:462,12
DA:465,1
DA:467,3
DA:520,0
LF:111
LH:90
end_of_record
SF:lib/src/animation/listener_helpers.dart
DA:25,0
DA:26,0
DA:27,0
DA:28,0
DA:29,0
DA:38,0
DA:39,0
DA:40,0
DA:41,0
DA:42,0
DA:54,0
DA:65,0
DA:68,0
DA:72,0
DA:100,0
DA:101,0
DA:102,0
DA:108,0
DA:109,0
DA:111,0
DA:119,0
DA:120,0
DA:121,0
DA:123,0
DA:124,0
DA:126,0
DA:130,0
DA:131,0
DA:132,0
DA:133,0
DA:169,0
DA:170,0
DA:171,0
DA:177,0
DA:178,0
DA:180,0
DA:188,0
DA:189,0
DA:190,0
DA:192,0
DA:193,0
DA:195,0
DA:199,0
DA:200,0
DA:201,0
DA:202,0
LF:46
LH:0
end_of_record
SF:lib/src/animation/tween.dart
DA:27,257
DA:53,768
DA:65,244
DA:66,244
DA:73,154
DA:74,154
DA:79,244
DA:86,242
DA:87,726
DA:89,1
DA:91,4
DA:94,1
DA:96,3
DA:101,154
DA:106,154
DA:108,616
DA:111,1
DA:113,3
DA:216,257
DA:235,93
DA:237,93
DA:238,93
DA:239,558
DA:254,256
DA:256,256
DA:257,256
DA:258,204
DA:259,201
DA:260,114
DA:263,1
DA:264,4
DA:270,2
DA:271,0
DA:272,6
DA:281,2
DA:282,6
DA:301,276
DA:304,36
DA:305,108
DA:319,12
DA:322,6
DA:323,18
DA:337,22
DA:340,4
DA:341,12
DA:361,140
DA:365,48
DA:366,336
DA:386,8
DA:390,2
DA:391,14
DA:397,6
DA:400,3
DA:401,3
DA:403,0
DA:404,0
DA:437,162
DA:438,0
DA:443,162
DA:445,322
DA:446,648
DA:449,84
DA:452,0
DA:453,0
LF:64
LH:58
end_of_record
SF:lib/src/animation/tween_sequence.dart
DA:54,2
DA:55,0
DA:56,2
DA:57,4
DA:60,2
DA:61,6
DA:62,2
DA:65,8
DA:66,18
DA:67,6
DA:75,2
DA:76,4
DA:77,6
DA:78,4
DA:81,2
DA:83,4
DA:84,2
DA:85,8
DA:86,8
DA:87,6
DA:88,2
DA:91,0
DA:95,0
DA:96,0
DA:104,2
DA:107,0
DA:108,0
DA:109,2
DA:136,4
DA:141,10
DA:143,14
DA:145,0
DA:146,0
LF:33
LH:25
end_of_record
SF:lib/src/cupertino/action_sheet.dart
DA:110,1
DA:118,0
DA:121,1
DA:159,1
DA:160,1
DA:161,2
DA:162,1
DA:163,1
DA:164,1
DA:165,1
DA:167,2
DA:170,1
DA:171,1
DA:172,1
DA:180,1
DA:181,3
DA:182,1
DA:186,1
DA:187,1
DA:188,1
DA:189,1
DA:190,1
DA:195,1
DA:196,3
DA:198,1
DA:199,1
DA:200,1
DA:201,1
DA:206,1
DA:209,2
DA:210,1
DA:211,1
DA:212,1
DA:213,1
DA:214,2
DA:215,1
DA:220,2
DA:223,2
DA:225,1
DA:226,0
DA:228,5
DA:231,1
DA:232,1
DA:237,1
DA:239,1
DA:245,1
DA:267,1
DA:272,0
DA:273,0
DA:295,1
DA:297,1
DA:298,1
DA:299,1
DA:300,2
DA:303,1
DA:304,1
DA:307,1
DA:308,1
DA:310,1
DA:314,1
DA:316,1
DA:322,1
DA:324,1
DA:335,1
DA:338,1
DA:342,1
DA:343,1
DA:349,0
DA:350,0
DA:353,0
DA:354,0
DA:357,0
DA:358,0
DA:361,1
DA:363,1
DA:366,1
DA:368,1
DA:369,1
DA:370,1
DA:371,1
DA:372,1
DA:373,1
DA:374,1
DA:376,2
DA:383,1
DA:387,1
DA:392,1
DA:394,1
DA:395,3
DA:396,1
DA:400,1
DA:402,1
DA:403,2
DA:406,1
DA:408,1
DA:413,2
DA:418,1
DA:419,1
DA:421,1
DA:422,1
DA:424,1
DA:426,1
DA:427,2
DA:429,1
DA:430,2
DA:434,1
DA:436,1
DA:437,3
DA:438,2
DA:439,3
DA:440,2
DA:443,1
DA:445,1
DA:448,0
DA:450,0
DA:453,1
DA:455,1
DA:456,3
DA:457,2
DA:458,3
DA:459,2
DA:462,0
DA:464,0
DA:465,0
DA:466,0
DA:467,0
DA:468,0
DA:472,0
DA:474,0
DA:475,0
DA:476,0
DA:477,0
DA:478,0
DA:482,1
DA:483,0
DA:485,1
DA:486,2
DA:488,1
DA:489,2
DA:514,1
DA:519,0
DA:523,1
DA:524,1
DA:525,1
DA:527,2
DA:529,1
DA:530,2
DA:531,1
DA:532,0
DA:534,1
DA:535,1
DA:536,2
DA:541,2
DA:543,1
DA:544,2
DA:545,1
DA:546,0
DA:548,1
DA:549,1
DA:550,2
DA:555,0
DA:556,1
DA:557,3
DA:559,0
DA:560,0
DA:567,1
DA:569,1
DA:570,1
DA:571,0
DA:573,1
DA:574,0
DA:578,1
DA:580,1
DA:581,1
DA:582,2
DA:584,1
DA:585,2
DA:589,1
DA:591,1
DA:592,0
DA:594,1
DA:595,0
DA:599,1
DA:601,2
DA:602,2
DA:606,1
DA:608,1
DA:609,2
DA:611,1
DA:612,2
DA:616,0
DA:618,0
DA:619,0
DA:620,0
DA:622,0
DA:623,0
DA:628,1
DA:630,2
DA:633,1
DA:635,2
DA:638,1
DA:640,2
DA:641,2
DA:642,2
DA:643,3
DA:645,2
DA:646,2
DA:647,1
DA:652,1
DA:654,2
DA:655,2
DA:656,2
DA:657,3
DA:659,2
DA:660,2
DA:661,1
DA:666,1
DA:668,5
DA:669,5
DA:670,1
DA:672,4
DA:675,2
DA:676,4
DA:679,2
DA:682,2
DA:683,5
DA:686,2
DA:689,4
DA:692,4
DA:696,3
DA:697,2
DA:698,4
DA:701,1
DA:703,2
DA:704,4
DA:706,8
DA:708,2
DA:711,2
DA:712,4
DA:715,1
DA:716,1
DA:717,1
DA:718,1
DA:719,5
DA:720,2
DA:721,1
DA:723,1
DA:727,1
DA:729,2
DA:730,2
DA:731,1
DA:732,1
DA:734,1
DA:735,3
DA:736,2
DA:739,1
DA:740,1
DA:742,1
DA:743,3
DA:744,2
DA:752,575
DA:753,575
DA:754,575
DA:763,1
DA:768,1
DA:789,1
DA:791,1
DA:793,1
DA:794,2
DA:801,1
DA:802,1
DA:803,1
DA:805,1
DA:810,1
DA:811,1
DA:812,1
DA:813,1
DA:816,1
DA:817,1
DA:819,1
DA:820,2
DA:823,1
DA:829,1
DA:830,0
DA:831,0
DA:832,0
DA:840,2
DA:841,1
DA:844,1
DA:845,1
DA:846,1
DA:847,1
DA:862,1
DA:867,0
DA:868,1
DA:881,1
DA:882,1
DA:886,1
DA:888,2
DA:890,1
DA:891,5
DA:892,1
DA:893,1
DA:894,3
DA:899,1
DA:900,1
DA:901,2
DA:902,1
DA:904,1
DA:905,2
DA:918,1
DA:924,1
DA:925,1
DA:931,1
DA:933,1
DA:934,1
DA:936,1
DA:939,0
DA:940,0
DA:942,0
DA:943,2
DA:957,1
DA:961,1
DA:965,1
DA:967,2
DA:968,1
DA:969,3
DA:970,0
DA:973,0
DA:974,0
DA:975,0
DA:983,1
DA:994,1
DA:1001,1
DA:1006,1
DA:1008,1
DA:1009,1
DA:1010,1
DA:1011,1
DA:1012,1
DA:1013,1
DA:1017,1
DA:1020,2
DA:1021,2
DA:1022,2
DA:1023,2
DA:1024,2
DA:1049,1
DA:1058,1
DA:1059,1
DA:1060,1
DA:1061,1
DA:1062,1
DA:1063,1
DA:1064,1
DA:1065,1
DA:1066,1
DA:1067,1
DA:1071,2
DA:1073,1
DA:1074,2
DA:1078,0
DA:1079,0
DA:1082,0
DA:1083,1
DA:1084,3
DA:1088,2
DA:1089,1
DA:1092,0
DA:1093,1
DA:1094,3
DA:1098,2
DA:1099,1
DA:1102,0
DA:1103,1
DA:1104,3
DA:1107,0
DA:1108,0
DA:1112,2
DA:1113,1
DA:1114,2
DA:1118,0
DA:1119,0
DA:1127,1
DA:1129,2
DA:1130,2
DA:1133,1
DA:1135,2
DA:1138,1
DA:1140,2
DA:1143,1
DA:1145,2
DA:1147,2
DA:1148,4
DA:1149,3
DA:1150,1
DA:1151,1
DA:1156,1
DA:1157,4
DA:1158,2
DA:1159,2
DA:1160,4
DA:1161,2
DA:1163,2
DA:1164,4
DA:1165,5
DA:1166,3
DA:1172,1
DA:1173,2
DA:1174,2
DA:1175,2
DA:1176,5
DA:1179,1
DA:1181,2
DA:1183,2
DA:1184,4
DA:1185,1
DA:1190,1
DA:1191,2
DA:1193,4
DA:1195,1
DA:1197,2
DA:1198,1
DA:1203,1
DA:1205,2
DA:1210,1
DA:1214,1
DA:1219,2
DA:1220,1
DA:1221,2
DA:1223,3
DA:1224,3
DA:1226,2
DA:1229,1
DA:1230,1
DA:1233,3
DA:1234,3
DA:1238,1
DA:1240,1
DA:1241,1
DA:1242,1
DA:1245,1
DA:1246,2
DA:1248,1
DA:1249,1
DA:1250,6
DA:1252,1
DA:1254,1
DA:1258,1
DA:1261,2
DA:1262,1
DA:1263,1
DA:1267,2
DA:1269,1
DA:1270,1
DA:1273,2
DA:1275,1
DA:1276,1
DA:1277,1
DA:1278,2
DA:1279,1
DA:1282,1
DA:1283,1
DA:1284,3
DA:1285,2
DA:1286,2
DA:1292,0
DA:1293,0
DA:1300,1
DA:1301,1
DA:1304,1
DA:1305,4
DA:1308,1
DA:1311,2
DA:1312,2
DA:1313,2
DA:1316,1
DA:1317,1
DA:1319,1
DA:1320,3
DA:1321,1
DA:1325,1
DA:1327,1
LF:483
LH:420
end_of_record
SF:lib/src/cupertino/activity_indicator.dart
DA:26,1
DA:30,0
DA:31,0
DA:32,1
DA:33,1
DA:45,1
DA:46,1
DA:53,1
DA:55,1
DA:56,2
DA:61,2
DA:62,2
DA:65,1
DA:67,1
DA:68,4
DA:69,2
DA:70,2
DA:72,2
DA:76,1
DA:78,2
DA:79,1
DA:82,1
DA:84,1
DA:85,3
DA:86,3
DA:87,1
DA:88,1
DA:89,1
DA:90,1
DA:91,2
DA:106,1
DA:110,1
DA:111,1
DA:112,1
DA:113,2
DA:114,2
DA:115,1
DA:116,1
DA:118,1
DA:124,1
DA:126,1
DA:128,1
DA:129,5
DA:131,4
DA:133,2
DA:134,2
DA:135,4
DA:136,2
DA:137,3
DA:140,1
DA:143,1
DA:145,6
LF:52
LH:50
end_of_record
SF:lib/src/cupertino/app.dart
DA:70,23
DA:94,0
DA:95,0
DA:96,0
DA:97,0
DA:98,0
DA:99,0
DA:100,0
DA:101,0
DA:102,23
DA:195,23
DA:196,23
DA:201,23
DA:202,23
DA:206,14
DA:212,14
DA:221,23
DA:223,23
DA:224,46
DA:225,23
DA:228,13
DA:230,13
DA:231,52
DA:236,0
DA:238,13
DA:243,23
DA:244,46
DA:245,6
DA:246,4
DA:247,0
DA:248,92
DA:249,46
DA:251,0
DA:260,23
DA:261,46
DA:262,2
DA:266,23
DA:268,46
DA:270,23
DA:271,23
DA:272,23
DA:274,23
DA:276,23
DA:277,23
DA:278,23
DA:279,23
DA:280,46
DA:281,23
DA:282,23
DA:283,23
DA:284,46
DA:285,46
DA:286,46
DA:287,46
DA:288,46
DA:289,46
DA:290,46
DA:291,46
DA:292,46
DA:293,92
DA:294,46
DA:295,23
DA:296,46
DA:297,46
DA:298,46
DA:299,46
DA:300,46
DA:301,46
DA:302,46
DA:303,46
DA:304,0
DA:305,0
LF:72
LH:59
end_of_record
SF:lib/src/cupertino/bottom_tab_bar.dart
DA:55,5
DA:71,0
DA:73,11
DA:76,0
DA:77,15
DA:78,0
DA:79,0
DA:80,5
DA:134,5
DA:139,5
DA:141,15
DA:142,15
DA:145,5
DA:147,15
DA:149,5
DA:150,15
DA:154,5
DA:155,5
DA:157,15
DA:161,20
DA:162,1
DA:163,5
DA:164,15
DA:165,15
DA:166,15
DA:167,15
DA:170,10
DA:171,5
DA:172,5
DA:176,5
DA:177,5
DA:178,5
DA:179,10
DA:180,5
DA:181,20
DA:182,5
DA:183,5
DA:184,5
DA:187,5
DA:195,5
DA:197,5
DA:198,5
DA:199,5
DA:208,5
DA:209,5
DA:211,20
DA:212,10
DA:213,5
DA:214,5
DA:216,5
DA:217,5
DA:220,20
DA:221,5
DA:223,15
DA:224,5
DA:226,5
DA:228,15
DA:242,5
DA:244,5
DA:245,15
DA:247,10
DA:252,5
DA:256,5
DA:257,15
DA:260,5
DA:261,5
DA:262,5
DA:263,5
DA:271,5
DA:282,5
DA:283,5
DA:284,5
DA:285,5
DA:286,5
DA:287,5
DA:288,5
DA:289,5
DA:290,0
DA:291,0
LF:79
LH:73
end_of_record
SF:lib/src/cupertino/button.dart
DA:29,13
DA:39,26
DA:40,0
DA:42,13
DA:50,1
DA:59,2
DA:60,0
DA:63,1
DA:118,26
DA:120,13
DA:121,13
DA:123,0
DA:125,0
DA:126,0
DA:139,13
DA:141,13
DA:142,26
DA:147,26
DA:148,26
DA:149,26
DA:150,13
DA:153,8
DA:155,8
DA:156,8
DA:159,13
DA:160,52
DA:163,13
DA:165,26
DA:166,13
DA:167,13
DA:172,11
DA:173,11
DA:174,11
DA:175,11
DA:179,11
DA:180,11
DA:181,11
DA:182,11
DA:186,1
DA:187,1
DA:188,1
DA:189,1
DA:193,11
DA:194,22
DA:196,11
DA:197,11
DA:198,22
DA:199,18
DA:200,20
DA:201,27
DA:202,8
DA:206,13
DA:208,26
DA:209,13
DA:210,13
DA:211,26
DA:212,20
DA:213,12
DA:216,4
DA:219,2
DA:221,39
DA:223,13
DA:225,13
DA:226,13
DA:227,13
DA:228,26
DA:229,13
DA:231,13
DA:232,26
DA:234,13
DA:235,26
DA:236,26
DA:238,13
DA:239,13
DA:240,13
DA:241,13
DA:242,26
DA:244,3
DA:247,13
DA:248,26
DA:251,13
DA:254,13
DA:256,13
DA:257,13
DA:258,26
LF:85
LH:80
end_of_record
SF:lib/src/cupertino/colors.dart
DA:22,0
DA:587,0
DA:596,0
DA:614,0
DA:619,0
DA:635,0
DA:638,0
DA:649,33
DA:659,0
DA:660,0
DA:661,0
DA:662,0
DA:663,0
DA:664,0
DA:665,0
DA:666,0
DA:667,0
DA:671,33
DA:675,34
DA:676,68
DA:775,39
DA:778,0
DA:779,35
DA:780,33
DA:784,33
DA:785,99
DA:786,3
DA:787,3
DA:788,3
DA:791,33
DA:792,99
DA:793,54
DA:794,54
DA:795,54
DA:798,33
DA:799,99
DA:800,99
DA:801,99
DA:802,99
DA:833,33
DA:834,33
DA:835,33
DA:838,33
DA:839,54
DA:842,33
DA:843,3
DA:848,33
DA:850,33
DA:851,35
DA:853,3
DA:854,5
DA:858,20
DA:860,20
DA:861,22
DA:863,2
DA:864,4
DA:869,0
DA:870,33
DA:872,33
DA:873,33
DA:874,33
DA:875,33
DA:876,33
DA:877,33
DA:878,33
DA:879,33
DA:883,26
DA:888,75
DA:889,75
DA:890,63
DA:891,63
DA:892,63
DA:893,63
DA:894,63
DA:895,63
DA:896,63
DA:897,63
DA:900,0
DA:902,0
DA:903,0
DA:904,0
DA:905,0
DA:906,0
DA:907,0
DA:908,0
DA:909,0
DA:910,0
DA:911,0
DA:915,1
DA:917,1
DA:918,3
DA:919,1
DA:922,2
DA:923,3
DA:924,3
DA:925,4
DA:926,3
DA:927,4
DA:928,4
DA:929,5
DA:932,3
LF:101
LH:72
end_of_record
SF:lib/src/cupertino/date_picker.dart
DA:48,2
DA:49,6
DA:60,2
DA:63,0
DA:64,0
DA:72,2
DA:74,2
DA:76,8
DA:77,10
DA:81,8
DA:82,4
[...]
DA:968,1
DA:986,579
DA:988,578
DA:989,1
DA:990,3
DA:991,2
DA:992,1
DA:994,2
DA:995,1
DA:996,1
DA:997,1
DA:998,1
DA:999,1
DA:1001,1
DA:1005,1
DA:1006,1
DA:1007,1
DA:1009,4
DA:1010,1
DA:1013,2
DA:1014,1
DA:1015,1
DA:1016,1
DA:1017,2
DA:1019,1
DA:1020,1
DA:1026,1
DA:1027,2
DA:1029,1
DA:1030,1
DA:1032,1
DA:1036,1
DA:1040,0
DA:1042,0
DA:1047,1
DA:1049,2
DA:1053,1
DA:1056,2
DA:1057,2
DA:1058,2
DA:1064,1
DA:1070,1
DA:1071,0
DA:1073,1
DA:1074,0
DA:1075,3
DA:1076,1
DA:1077,4
DA:1078,1
DA:1079,4
DA:1080,1
DA:1081,3
DA:1086,1
DA:1092,4
DA:1095,1
DA:1097,4
DA:1100,0
DA:1102,0
DA:1105,1
DA:1106,2
DA:1107,1
DA:1108,1
DA:1109,1
DA:1110,3
DA:1111,1
DA:1115,1
DA:1117,1
DA:1118,2
DA:1121,1
DA:1122,9
DA:1125,1
DA:1127,2
DA:1130,1
DA:1132,2
DA:1135,1
DA:1137,2
DA:1138,1
DA:1142,2300
DA:1145,1
DA:1150,1
DA:1154,1
DA:1155,1
DA:1157,0
DA:1159,0
DA:1162,1
DA:1164,6
DA:1167,1
DA:1169,4
DA:1174,1
DA:1180,3
DA:1181,3
DA:1182,1
DA:1187,1
DA:1188,1
DA:1190,0
DA:1192,0
DA:1195,0
DA:1197,0
DA:1200,1
DA:1203,2
DA:1204,3
DA:1206,3
DA:1207,2
DA:1210,0
DA:1211,0
DA:1213,0
DA:1214,0
DA:1218,0
DA:1221,4
DA:1222,0
DA:1226,0
DA:1228,0
DA:1273,2
DA:1288,0
DA:1291,1
DA:1292,2
DA:1293,1
DA:1294,1
DA:1297,2
DA:1299,0
DA:1302,0
DA:1303,0
DA:1306,0
DA:1310,0
DA:1313,0
DA:1336,1
DA:1340,0
DA:1341,1
DA:1349,1
DA:1351,1
DA:1352,1
DA:1356,1
DA:1359,2
DA:1362,0
DA:1364,0
DA:1365,0
DA:1383,1
DA:1386,0
DA:1388,1
DA:1395,2
DA:1397,1
DA:1398,0
DA:1399,2
DA:1401,0
DA:1402,0
DA:1403,0
DA:1404,0
DA:1406,0
DA:1409,1
DA:1411,1
DA:1412,3
DA:1415,1
DA:1417,3
DA:1418,1
DA:1421,1
DA:1423,3
DA:1424,1
DA:1425,0
DA:1428,3
DA:1429,2
DA:1430,2
DA:1431,3
DA:1432,1
DA:1433,1
DA:1434,3
DA:1435,1
DA:1436,1
DA:1437,1
DA:1438,1
DA:1439,1
DA:1440,1
DA:1442,4
DA:1445,1
DA:1450,0
DA:1452,0
DA:1453,0
DA:1457,1
DA:1459,1
DA:1460,2
DA:1463,0
DA:1465,0
DA:1466,0
DA:1486,1
DA:1490,0
DA:1491,1
DA:1499,1
DA:1501,1
DA:1502,1
DA:1506,0
DA:1509,0
DA:1512,0
DA:1514,0
DA:1515,0
DA:1530,1
DA:1532,0
DA:1543,2
DA:1545,0
DA:1546,0
DA:1547,0
DA:1549,0
DA:1550,0
DA:1552,0
DA:1553,0
DA:1554,0
DA:1555,0
DA:1556,0
DA:1557,0
DA:1561,1
DA:1563,1
DA:1564,3
DA:1565,4
DA:1566,0
DA:1567,1
DA:1570,1
DA:1572,3
DA:1573,1
DA:1576,1
DA:1578,3
DA:1579,3
DA:1580,581
DA:1581,2
DA:1582,1
DA:1583,575
DA:1584,1
DA:1588,1
DA:1590,1
DA:1592,0
DA:1593,0
DA:1594,0
DA:1595,0
DA:1597,0
DA:1598,0
DA:1599,0
DA:1600,0
DA:1601,0
DA:1602,0
DA:1604,0
DA:1605,0
DA:1606,0
DA:1607,0
DA:1608,0
DA:1611,0
DA:1612,0
DA:1616,1
DA:1619,0
DA:1621,0
DA:1622,0
DA:1634,1
DA:1643,0
DA:1644,1
DA:1657,1
DA:1659,1
DA:1660,1
DA:1661,3
DA:1662,1
DA:1663,1
DA:1664,1
DA:1668,1
DA:1671,2
DA:1672,4
DA:1673,2
DA:1674,2
DA:1675,2
DA:1678,0
DA:1680,0
DA:1681,0
DA:1693,1
DA:1701,0
DA:1703,1
DA:1713,2
DA:1716,1
DA:1717,0
DA:1718,2
DA:1720,0
DA:1721,0
DA:1724,1
DA:1726,2
DA:1727,1
DA:1730,0
DA:1732,0
DA:1733,0
LF:589
LH:448
end_of_record
SF:lib/src/widgets/primary_scroll_controller.dart
DA:21,82
DA:25,0
DA:26,82
DA:29,26
DA:33,26
DA:48,106
DA:49,106
DA:50,27
DA:53,47
DA:54,141
DA:56,0
DA:58,0
DA:59,0
LF:13
LH:9
end_of_record
SF:lib/src/widgets/scroll_activity.dart
DA:64,153
DA:67,306
DA:74,18
DA:75,36
DA:76,18
DA:87,1
DA:90,63
DA:91,126
DA:95,67
DA:96,134
DA:100,1
DA:101,2
DA:105,65
DA:106,130
DA:110,12
DA:128,153
DA:130,153
DA:133,46
DA:134,46
DA:145,306
DA:147,153
DA:149,306
DA:152,153
DA:155,153
DA:158,81
DA:185,81
DA:188,81
DA:193,81
DA:196,81
DA:199,0
DA:202,35
DA:204,70
DA:207,81
DA:209,81
DA:210,81
DA:211,81
DA:226,68
DA:232,0
DA:233,0
DA:235,17
DA:240,68
DA:241,68
DA:245,134
DA:280,268
DA:286,1
DA:287,2
DA:288,1
DA:293,64
DA:294,64
DA:295,3
DA:297,6
DA:299,0
DA:309,64
DA:315,63
DA:316,24
DA:317,9
DA:318,3
DA:320,1
DA:325,63
DA:330,32
DA:331,64
DA:333,16
DA:334,32
DA:340,575
DA:343,24
DA:344,12
DA:345,24
DA:354,64
DA:356,64
DA:357,64
DA:358,64
DA:359,64
DA:360,128
DA:365,128
DA:366,128
DA:367,64
DA:370,64
DA:371,5
DA:372,128
DA:375,65
DA:377,65
DA:381,130
DA:382,65
DA:383,6
DA:384,65
DA:387,81
DA:388,2
DA:389,130
DA:392,0
DA:394,0
DA:398,68
DA:400,68
DA:401,68
DA:402,68
DA:407,136
DA:410,28
DA:411,28
DA:424,68
DA:428,68
DA:432,68
DA:434,136
DA:435,68
DA:436,136
DA:439,62
DA:441,124
DA:442,62
DA:443,124
DA:446,30
DA:448,60
DA:449,30
DA:450,60
DA:453,59
DA:456,118
DA:457,59
DA:460,59
DA:461,59
DA:464,68
DA:467,68
DA:472,0
DA:475,68
DA:477,68
DA:478,68
DA:481,28
DA:483,84
DA:504,46
DA:508,46
DA:509,92
DA:510,92
DA:513,92
DA:514,46
DA:515,92
DA:518,20
DA:519,40
DA:523,0
DA:525,0
DA:528,9
DA:530,27
DA:533,45
DA:534,135
DA:535,10
DA:545,45
DA:547,135
DA:550,34
DA:551,68
DA:554,5
DA:556,15
DA:559,46
DA:562,46
DA:565,46
DA:567,92
DA:568,46
DA:571,10
DA:573,30
DA:591,31
DA:598,0
DA:599,0
DA:600,0
DA:601,31
DA:602,0
DA:603,31
DA:604,62
DA:605,62
DA:607,62
DA:610,62
DA:611,31
DA:612,62
DA:623,93
DA:625,25
DA:626,50
DA:628,31
DA:629,155
DA:630,10
DA:633,23
DA:634,69
DA:637,5
DA:639,15
DA:642,31
DA:645,31
DA:648,31
DA:650,62
DA:651,62
DA:652,31
DA:655,7
DA:657,21
LF:184
LH:171
end_of_record
SF:lib/src/widgets/viewport.dart
DA:52,111
DA:61,0
DA:62,0
DA:63,42
DA:64,111
DA:120,114
DA:121,0
DA:123,114
DA:124,18
DA:125,114
DA:127,111
DA:128,218
DA:129,8
DA:135,111
DA:137,111
DA:138,111
DA:139,331
DA:140,111
DA:141,111
DA:142,111
DA:146,51
DA:149,102
DA:150,204
DA:151,102
DA:152,102
DA:153,102
DA:156,111
DA:157,111
DA:159,0
DA:161,0
DA:162,0
DA:163,0
DA:164,0
DA:165,0
DA:166,0
DA:167,0
DA:168,0
DA:169,0
DA:176,222
DA:178,111
DA:179,111
DA:181,111
DA:182,111
DA:184,111
DA:186,111
DA:187,110
DA:190,52
DA:192,52
DA:193,52
DA:196,110
DA:198,220
DA:199,28
DA:200,42
DA:201,7
DA:202,218
DA:203,545
DA:205,2
DA:209,99
DA:211,297
DA:212,99
DA:213,198
DA:214,99
DA:251,11
DA:257,0
DA:258,11
DA:288,11
DA:290,11
DA:291,11
DA:292,33
DA:293,11
DA:297,4
DA:300,8
DA:301,16
DA:302,8
DA:305,0
DA:307,0
DA:308,0
DA:309,0
DA:310,0
LF:79
LH:60
end_of_record
SF:lib/src/widgets/orientation_builder.dart
DA:31,3
DA:34,0
DA:35,3
DA:45,3
DA:49,9
DA:50,3
DA:53,3
DA:55,6
LF:8
LH:7
end_of_record
SF:lib/src/widgets/overscroll_indicator.dart
DA:44,141
DA:52,0
DA:53,0
DA:54,0
DA:55,0
DA:56,0
DA:57,141
DA:87,423
DA:109,141
DA:110,141
DA:112,0
DA:114,0
DA:115,0
DA:117,0
DA:119,0
DA:121,0
DA:126,0
DA:127,0
DA:136,141
DA:138,141
DA:139,846
DA:140,846
DA:141,705
DA:144,73
DA:146,73
DA:147,580
DA:148,16
DA:149,16
DA:150,16
DA:151,16
DA:158,87
DA:159,174
DA:161,87
DA:163,72
DA:164,20
DA:165,52
DA:166,26
DA:168,0
DA:170,72
DA:171,72
DA:172,36
DA:173,72
DA:174,108
DA:176,0
DA:177,180
DA:178,72
DA:179,72
DA:180,10
DA:181,30
DA:183,60
DA:184,30
DA:185,60
DA:186,60
DA:187,0
DA:188,30
DA:189,30
DA:190,90
DA:191,60
DA:192,30
DA:193,32
DA:195,27
DA:196,216
DA:202,174
DA:203,87
DA:204,128
DA:205,128
DA:208,174
DA:212,141
DA:214,282
DA:215,282
DA:216,141
DA:219,141
DA:221,141
DA:222,141
DA:223,141
DA:224,141
DA:225,141
DA:226,423
DA:227,423
DA:228,282
DA:229,141
DA:231,141
DA:232,282
DA:244,2875
DA:247,141
DA:251,0
DA:252,0
DA:253,0
DA:256,282
DA:257,282
DA:258,141
DA:259,141
DA:261,282
DA:262,423
DA:263,423
DA:264,423
DA:287,42
DA:289,4
DA:290,4
DA:291,8
DA:293,1
DA:294,1
DA:297,8
DA:299,4
DA:300,4
DA:301,8
DA:303,3
DA:304,3
DA:311,45
DA:323,141
DA:325,282
DA:326,282
DA:327,144
DA:328,141
DA:334,10
DA:335,10
DA:336,10
DA:337,10
DA:338,10
DA:339,42
DA:340,60
DA:341,40
DA:342,625
DA:343,60
DA:344,20
DA:345,10
DA:346,10
DA:360,30
DA:361,46
DA:362,90
DA:363,120
DA:364,785
DA:365,605
DA:366,120
DA:367,875
DA:368,60
DA:369,90
DA:370,24
DA:371,12
DA:372,24
DA:375,42
DA:376,21
DA:378,60
DA:379,60
DA:380,60
DA:381,30
DA:383,32
DA:384,15
DA:385,5
DA:388,72
DA:391,64
DA:392,128
DA:393,23
DA:396,36
DA:397,36
DA:399,23
DA:400,23
DA:401,9
DA:403,23
DA:404,22
DA:405,22
DA:407,5
DA:408,0
DA:413,35
DA:414,140
DA:416,64
DA:417,35
DA:418,140
DA:419,70
DA:420,140
DA:421,70
DA:422,70
DA:423,70
DA:424,35
DA:427,12
DA:428,12
DA:429,45
DA:430,108
DA:431,9
DA:433,48
DA:434,16
DA:435,8
DA:437,11
DA:441,140
DA:442,420
DA:444,99
DA:445,54
DA:446,629
DA:447,54
DA:448,36
DA:449,126
DA:450,108
DA:451,18
DA:452,18
DA:453,18
DA:454,18
DA:455,18
DA:460,141
DA:465,141
DA:484,140
DA:487,140
DA:488,140
DA:489,121
DA:491,140
DA:492,121
DA:493,242
DA:494,242
DA:495,121
DA:496,121
DA:498,47
DA:499,47
DA:500,47
DA:501,94
DA:502,188
DA:503,47
DA:505,47
DA:506,47
DA:507,94
DA:508,47
DA:509,188
DA:510,47
DA:515,140
DA:517,420
DA:518,420
DA:521,73
DA:523,219
DA:524,219
DA:542,36
DA:553,1
DA:554,1
DA:557,0
DA:559,0
DA:560,0
LF:233
LH:210
end_of_record
SF:lib/src/widgets/page_storage.dart
DA:36,2
DA:40,43
DA:41,0
DA:45,129
DA:47,5
DA:49,15
DA:52,20
DA:53,25
DA:59,6
DA:60,12
DA:62,0
DA:64,0
DA:73,43
DA:74,43
DA:75,43
DA:76,43
DA:77,6
DA:78,43
DA:81,43
DA:82,43
DA:83,43
DA:84,86
DA:85,43
DA:91,43
DA:92,86
DA:105,43
DA:106,86
DA:108,2
DA:110,43
DA:111,43
DA:112,12
DA:124,86
DA:125,86
DA:128,2
DA:129,8
DA:130,18
DA:139,169
DA:143,0
DA:144,169
DA:163,154
DA:164,154
DA:165,86
DA:168,169
DA:169,169
LF:44
LH:40
end_of_record
SF:lib/src/widgets/page_view.dart
DA:125,10
DA:129,0
DA:130,0
DA:131,0
DA:132,10
DA:177,6
DA:179,12
DA:183,18
DA:187,6
DA:188,6
DA:197,6
DA:202,6
DA:203,6
DA:204,12
DA:214,3
DA:215,3
DA:216,9
DA:225,2
DA:226,8
DA:235,2
DA:236,8
DA:239,10
DA:241,10
DA:244,10
DA:245,10
DA:246,10
DA:251,10
DA:253,10
DA:255,20
DA:265,8
DA:272,8
DA:280,1
DA:289,1
DA:290,1
DA:291,1
DA:292,0
DA:293,1
DA:294,1
DA:295,1
DA:300,3
DA:301,590
DA:302,584
DA:312,10
DA:319,0
DA:320,0
DA:321,0
DA:322,10
DA:324,10
DA:325,10
DA:346,10
DA:353,11
DA:354,1
DA:356,10
DA:359,10
DA:360,10
DA:362,10
DA:363,20
DA:365,1
DA:366,1
DA:368,2
DA:377,635
DA:379,9
DA:380,1195
DA:381,9
DA:382,27
DA:388,10
DA:389,60
DA:392,9
DA:395,27
DA:398,63
DA:401,8
DA:403,54
DA:406,10
DA:408,10
DA:409,48
DA:411,1
DA:415,10
DA:417,10
DA:418,10
DA:419,10
DA:420,14
DA:421,10
DA:423,10
DA:424,10
DA:425,10
DA:431,10
DA:433,20
DA:434,10
DA:436,595
DA:440,8
DA:449,8
DA:450,8
DA:451,8
DA:452,8
DA:453,8
DA:454,8
DA:455,8
DA:471,24
DA:473,12
DA:475,24
DA:478,9
DA:479,9
DA:480,9
DA:481,0
DA:484,9
DA:485,9
DA:486,9
DA:487,0
DA:490,9
DA:491,9
DA:492,27
DA:493,3
DA:494,18
DA:495,5
DA:496,18
DA:499,11
DA:503,44
DA:504,36
DA:505,10
DA:506,9
DA:507,9
DA:508,18
DA:509,18
DA:513,11
DA:521,15
DA:556,8
DA:566,4
DA:567,8
DA:568,8
DA:586,3
DA:597,1
DA:598,3
DA:599,3
DA:681,0
DA:691,0
DA:692,0
DA:693,0
DA:746,10
DA:747,10
DA:753,10
DA:755,10
DA:756,40
DA:759,10
DA:760,20
DA:761,10
DA:762,10
DA:763,10
DA:764,10
DA:765,21
DA:766,0
DA:767,0
DA:772,10
DA:774,10
DA:775,20
DA:776,30
DA:777,2
DA:779,10
DA:780,9
DA:781,37
DA:782,3
DA:783,6
DA:784,6
DA:785,3
DA:786,6
DA:791,10
DA:792,20
DA:794,20
DA:796,10
DA:797,10
DA:801,10
DA:802,10
DA:803,30
DA:804,20
DA:813,0
DA:815,0
DA:816,0
DA:817,0
DA:818,0
DA:819,0
DA:820,0
LF:180
LH:158
end_of_record
SF:lib/src/widgets/placeholder.dart
DA:11,60
DA:19,59
DA:21,59
DA:22,118
DA:23,59
DA:24,118
DA:25,59
DA:26,59
DA:27,59
DA:28,236
DA:29,236
DA:30,59
DA:33,2
DA:35,6
DA:36,6
DA:39,6
DA:54,9
DA:60,9
DA:84,60
DA:86,60
DA:87,60
DA:88,60
DA:89,60
DA:91,60
DA:92,60
DA:93,60
LF:26
LH:26
end_of_record
SF:lib/src/widgets/platform_view.dart
DA:65,1
DA:74,0
DA:75,0
DA:76,0
DA:77,1
DA:182,1
DA:183,1
DA:210,1
DA:219,0
DA:220,0
DA:221,0
DA:222,1
DA:295,1
DA:296,1
DA:336,0
DA:339,0
DA:340,0
DA:341,0
DA:348,0
DA:350,0
DA:351,0
DA:352,0
DA:353,0
DA:354,0
DA:364,0
DA:365,0
DA:366,0
DA:372,0
DA:387,0
DA:388,0
DA:389,0
DA:390,0
DA:392,0
DA:393,0
DA:396,0
DA:402,0
DA:408,0
DA:410,0
DA:412,0
DA:424,2
DA:427,1
DA:429,1
DA:430,1
DA:431,1
DA:432,1
DA:433,1
DA:434,2
DA:435,3
DA:440,1
DA:441,1
DA:444,1
DA:445,1
DA:446,4
DA:449,1
DA:451,1
DA:452,1
DA:453,2
DA:454,1
DA:456,1
DA:460,3
DA:464,1
DA:466,1
DA:468,1
DA:469,2
DA:470,1
DA:472,4
DA:473,2
DA:474,1
DA:479,3
DA:483,1
DA:484,4
DA:485,4
DA:488,1
DA:490,2
DA:491,1
DA:494,1
DA:495,3
DA:496,2
DA:497,1
DA:498,2
DA:499,1
DA:500,2
DA:501,2
DA:502,1
DA:503,2
DA:506,2
DA:507,0
DA:511,1
DA:512,2
DA:516,3
DA:517,0
DA:529,1
DA:531,1
DA:532,1
DA:533,0
DA:551,2
DA:554,1
DA:556,1
DA:559,1
DA:560,1
DA:561,2
DA:562,3
DA:566,1
DA:567,1
DA:570,1
DA:571,1
DA:574,1
DA:576,1
DA:577,1
DA:578,2
DA:579,1
DA:581,1
DA:585,1
DA:589,1
DA:591,1
DA:593,1
DA:594,2
DA:595,1
DA:597,4
DA:598,2
DA:599,1
DA:604,0
DA:608,1
DA:609,2
DA:610,2
DA:613,1
DA:615,2
DA:616,1
DA:619,1
DA:620,2
DA:621,2
DA:623,2
DA:624,1
DA:625,2
DA:626,2
DA:628,1
DA:629,1
DA:632,2
DA:633,0
DA:635,3
DA:640,1
DA:645,0
DA:646,0
DA:647,0
DA:648,1
DA:654,1
DA:656,1
DA:657,1
DA:658,1
DA:659,1
DA:662,1
DA:664,2
DA:665,2
DA:666,2
DA:671,1
DA:676,0
DA:677,0
DA:678,0
DA:679,1
DA:685,1
DA:687,1
DA:688,1
DA:689,1
DA:690,1
DA:694,0
DA:696,0
DA:697,0
DA:698,0
DA:707,1
DA:712,0
DA:713,0
DA:790,1
DA:795,0
DA:796,0
DA:797,0
DA:800,1
DA:811,1
DA:812,1
DA:823,1
DA:825,1
DA:828,4
DA:829,1
DA:830,1
DA:831,1
DA:832,1
DA:836,1
DA:838,4
DA:839,1
DA:840,1
DA:843,1
DA:845,1
DA:847,4
DA:848,2
DA:851,1
DA:854,1
DA:855,1
DA:859,1
DA:860,3
DA:861,3
DA:862,1
DA:863,1
DA:864,2
DA:865,1
DA:866,1
DA:871,1
DA:872,3
DA:875,1
DA:877,2
DA:881,1
DA:883,2
DA:887,1
DA:889,2
DA:890,1
DA:891,1
DA:915,1
DA:919,0
DA:920,0
DA:921,0
DA:973,1
DA:975,4
DA:978,1
DA:981,2
DA:982,2
DA:983,2
LF:224
LH:170
end_of_record
SF:lib/src/widgets/raw_keyboard_listener.dart
DA:38,3
DA:44,0
DA:45,0
DA:46,0
DA:47,3
DA:63,3
DA:64,3
DA:66,0
DA:68,0
DA:69,0
DA:74,3
DA:76,3
DA:77,12
DA:80,3
DA:82,3
DA:83,12
DA:84,0
DA:85,0
DA:89,3
DA:91,12
DA:92,3
DA:93,3
DA:96,3
DA:97,9
DA:98,3
DA:100,0
DA:105,3
DA:106,3
DA:108,9
DA:109,3
DA:112,3
DA:113,3
DA:115,9
DA:116,3
DA:119,3
DA:120,6
DA:121,6
DA:124,3
DA:126,3
DA:127,6
DA:128,6
DA:129,6
LF:42
LH:33
end_of_record
SF:lib/src/widgets/safe_area.dart
DA:41,56
DA:50,0
DA:51,0
DA:52,0
DA:53,0
DA:54,56
DA:94,56
DA:96,56
DA:97,56
DA:98,56
DA:100,337
DA:101,3
DA:103,56
DA:104,56
DA:105,799
DA:106,787
DA:107,799
DA:108,783
DA:110,56
DA:112,56
DA:113,56
DA:114,56
DA:115,56
DA:116,56
DA:121,0
DA:123,0
DA:124,0
DA:125,0
DA:126,0
DA:127,0
DA:155,0
DA:163,0
DA:164,0
DA:165,0
DA:166,0
DA:167,0
DA:193,1
DA:195,1
DA:196,2
DA:197,1
DA:198,1
DA:199,579
DA:200,579
DA:201,579
DA:202,579
DA:204,1
DA:206,1
DA:207,1
DA:208,1
DA:209,1
DA:210,1
DA:215,0
DA:217,0
DA:218,0
DA:219,0
DA:220,0
DA:221,0
LF:57
LH:35
end_of_record
SF:lib/src/widgets/scrollbar.dart
DA:46,13
DA:57,0
DA:58,0
DA:59,0
DA:60,0
DA:61,0
DA:62,0
DA:63,0
DA:64,13
DA:65,6
DA:66,6
DA:67,0
DA:68,13
DA:73,39
DA:77,18
DA:79,3
DA:80,0
DA:81,6
DA:84,2
DA:85,2
DA:90,18
DA:92,3
DA:93,0
DA:94,6
DA:97,0
DA:98,0
DA:134,18
DA:136,3
DA:137,0
DA:138,6
DA:141,0
DA:142,0
DA:179,9
DA:183,9
DA:184,9
DA:185,9
DA:189,1
DA:190,1
DA:191,1
DA:192,1
DA:195,8
DA:196,8
DA:197,64
DA:200,8
DA:205,8
DA:206,16
DA:207,16
DA:208,8
DA:209,64
DA:212,1
DA:213,2
DA:214,2
DA:215,4
DA:216,8
DA:219,1
DA:220,2
DA:222,8
DA:224,1
DA:225,2
DA:227,8
DA:231,24
DA:232,8
DA:233,15
DA:235,20
DA:238,8
DA:242,64
DA:243,8
DA:245,575
DA:246,591
DA:247,16
DA:250,48
DA:251,591
DA:252,28
DA:266,28
DA:270,16
DA:273,12
DA:275,36
DA:276,12
DA:279,26
DA:280,40
DA:282,34
DA:283,26
DA:285,34
DA:287,64
DA:290,8
DA:291,16
DA:292,24
DA:293,24
DA:300,1
DA:301,0
DA:302,5
DA:303,3
DA:305,2
DA:310,8
DA:311,24
DA:313,8
DA:314,40
DA:317,33
DA:320,12
DA:322,12
DA:323,8
DA:324,24
DA:328,48
DA:332,26
DA:333,8
DA:334,16
DA:335,24
DA:337,16
DA:342,1
DA:343,1
DA:347,3
DA:350,2
DA:351,4
DA:353,1
DA:357,8
DA:359,8
DA:363,3
DA:366,2
DA:369,1
DA:372,3
DA:373,3
DA:374,3
DA:375,3
DA:376,3
DA:377,3
DA:378,3
DA:379,3
DA:380,3
DA:383,1
DA:386,12
LF:130
LH:114
end_of_record
SF:lib/src/widgets/single_child_scroll_view.dart
DA:198,37
DA:208,0
DA:209,0
DA:210,11
DA:215,37
DA:279,41
DA:280,123
DA:283,41
DA:285,41
DA:286,41
DA:287,41
DA:288,10
DA:289,41
DA:290,30
DA:291,17
DA:292,41
DA:293,41
DA:296,41
DA:297,41
DA:298,41
DA:305,41
DA:306,8
DA:312,41
DA:317,0
DA:318,41
DA:323,41
DA:325,41
DA:326,41
DA:327,41
DA:331,16
DA:335,32
DA:336,32
DA:341,41
DA:346,0
DA:347,0
DA:348,0
DA:352,41
DA:355,82
DA:357,16
DA:358,0
DA:359,32
DA:361,0
DA:362,0
DA:365,123
DA:367,82
DA:369,16
DA:370,0
DA:371,32
DA:373,6
DA:374,18
DA:375,6
DA:376,6
DA:377,18
DA:378,6
DA:382,52
DA:384,0
DA:385,0
DA:386,0
DA:388,0
DA:389,0
DA:392,17
DA:393,17
DA:394,17
DA:397,41
DA:401,82
DA:402,82
DA:405,41
DA:407,41
DA:408,123
DA:411,41
DA:413,123
DA:414,41
DA:417,41
DA:420,41
DA:421,41
DA:422,41
DA:423,41
DA:424,20
DA:425,34
DA:426,68
DA:431,41
DA:432,41
DA:436,41
DA:437,41
DA:438,41
DA:440,41
DA:441,41
DA:442,635
DA:443,34
DA:444,779
DA:449,41
DA:450,41
DA:451,41
DA:452,10
DA:453,34
DA:454,34
DA:459,41
DA:461,41
DA:462,82
DA:466,41
DA:468,41
DA:469,82
DA:473,41
DA:475,41
DA:476,82
DA:480,41
DA:482,41
DA:483,82
DA:492,41
DA:494,41
DA:495,0
DA:497,164
DA:498,205
DA:501,123
DA:502,164
DA:505,160
DA:507,40
DA:508,40
DA:509,40
DA:510,40
DA:511,24
DA:512,40
DA:513,66
DA:514,10
DA:515,40
DA:516,10
DA:517,20
DA:522,40
DA:523,40
DA:524,320
DA:527,40
DA:529,40
DA:530,40
DA:532,40
DA:533,120
DA:536,40
DA:537,160
DA:539,0
DA:544,29
DA:546,29
DA:547,87
DA:550,26
DA:552,52
DA:553,52
DA:557,23
DA:559,23
DA:560,23
DA:561,23
DA:563,23
DA:564,92
DA:565,46
DA:572,4
DA:574,3
DA:575,4
DA:576,0
DA:579,8
DA:580,4
DA:581,8
DA:587,4
DA:588,4
DA:589,4
DA:590,4
DA:591,6
DA:592,2
DA:594,4
DA:595,6
DA:596,3
DA:597,3
DA:599,4
DA:600,8
DA:601,4
DA:602,4
DA:604,2
DA:605,4
DA:606,6
DA:607,2
DA:611,12
DA:612,8
DA:613,4
DA:616,2
DA:623,4
DA:624,0
DA:632,2
DA:635,2
DA:640,2
DA:647,26
DA:649,26
DA:650,26
DA:651,26
DA:652,20
DA:653,40
DA:654,80
DA:655,40
DA:656,80
DA:658,8
DA:659,8
DA:660,32
DA:661,16
DA:662,32
DA:663,16
LF:200
LH:181
end_of_record
SF:lib/src/widgets/size_changed_layout_notifier.dart
DA:55,0
DA:58,0
DA:60,1
DA:62,1
DA:63,1
DA:64,2
DA:71,1
DA:74,0
DA:75,1
DA:86,1
DA:88,1
DA:91,4
DA:92,1
DA:93,2
LF:14
LH:11
end_of_record
SF:lib/src/widgets/sliver_layout_builder.dart
DA:30,15
DA:33,15
DA:38,15
DA:39,15
DA:41,15
DA:42,15
DA:46,0
DA:48,0
DA:49,0
DA:53,15
DA:55,15
DA:56,45
DA:57,45
DA:60,13
DA:62,0
DA:63,26
DA:67,15
DA:70,60
DA:71,30
DA:74,10
DA:76,10
DA:77,40
DA:78,20
LF:23
LH:19
end_of_record
SF:lib/src/widgets/sliver_prototype_extent_list.dart
DA:38,1
DA:42,0
DA:43,1
DA:53,1
DA:56,1
DA:59,1
DA:60,1
DA:64,2
DA:66,1
DA:67,1
DA:69,1
DA:70,1
DA:73,3
DA:75,1
DA:77,2
DA:78,1
DA:79,2
DA:81,1
DA:85,1
DA:87,3
DA:88,1
DA:91,0
DA:93,0
DA:94,0
DA:96,0
DA:99,1
DA:101,3
DA:102,0
DA:104,1
DA:107,1
DA:109,1
DA:110,2
DA:111,1
DA:114,1
DA:116,1
DA:117,6
DA:120,1
DA:122,1
DA:123,2
DA:124,6
DA:129,1
DA:131,1
DA:134,2
DA:135,1
DA:136,1
DA:137,0
DA:138,1
DA:139,1
DA:140,2
DA:141,1
DA:144,1
DA:146,4
DA:147,1
DA:150,1
DA:152,1
DA:153,1
DA:154,0
DA:157,1
DA:159,1
DA:160,1
DA:161,2
DA:164,1
DA:166,1
DA:167,0
DA:168,1
DA:171,1
DA:173,1
DA:174,2
DA:175,1
DA:178,1
DA:180,3
DA:181,9
LF:72
LH:63
end_of_record
SF:lib/src/widgets/spacer.dart
DA:47,0
DA:48,0
DA:49,0
DA:50,0
DA:61,1
DA:63,1
DA:64,1
LF:7
LH:3
end_of_record
SF:lib/src/widgets/status_transitions.dart
DA:13,1
DA:16,0
DA:17,1
DA:26,1
DA:27,1
DA:31,1
DA:33,1
DA:34,4
DA:37,1
DA:39,1
DA:40,4
DA:41,3
DA:42,4
DA:46,1
DA:48,4
DA:49,1
DA:52,1
DA:53,2
DA:58,1
DA:60,2
LF:20
LH:19
end_of_record
SF:lib/src/widgets/visibility.dart
DA:53,21
DA:63,0
DA:64,0
DA:65,0
DA:66,0
DA:67,0
DA:68,0
DA:69,38
DA:70,38
DA:71,38
DA:72,38
DA:73,21
DA:201,21
DA:203,21
DA:204,5
DA:205,5
DA:206,5
DA:207,5
DA:208,5
DA:209,10
DA:212,5
DA:213,5
DA:214,5
DA:218,17
DA:219,17
DA:220,17
DA:221,17
DA:222,1
DA:223,1
DA:224,3
DA:225,1
DA:227,1
DA:230,17
DA:231,17
DA:232,43
DA:235,0
DA:237,0
DA:238,0
DA:239,0
DA:240,0
DA:241,0
DA:242,0
DA:243,0
LF:43
LH:29
end_of_record
SF:lib/src/widgets/texture.dart
DA:37,0
DA:40,0
DA:41,0
DA:46,0
DA:47,0
DA:49,0
DA:51,0
LF:7
LH:0
end_of_record
SF:lib/src/widgets/tween_animation_builder.dart
DA:124,2
DA:132,0
DA:133,0
DA:134,0
DA:135,2
DA:189,2
DA:191,2
DA:198,2
DA:200,6
DA:201,6
DA:202,2
DA:203,10
DA:204,4
DA:208,2
DA:211,6
DA:214,12
DA:216,0
DA:221,2
DA:223,12
LF:19
LH:15
end_of_record
SF:lib/src/widgets/value_listenable_builder.dart
DA:117,7
DA:121,0
DA:122,0
DA:149,7
DA:150,7
DA:156,7
DA:158,7
DA:159,28
DA:160,28
DA:163,7
DA:165,28
DA:166,3
DA:167,4
DA:168,4
DA:170,7
DA:173,7
DA:175,28
DA:176,7
DA:179,4
DA:180,24
DA:183,7
DA:185,28
LF:22
LH:20
end_of_record
SF:lib/src/widgets/unique_widget.dart
DA:25,1
DA:27,0
DA:28,1
DA:36,1
DA:37,1
DA:38,1
LF:6
LH:5
end_of_record
